This is pdfTeX, Version 3.1415926-2.6-1.40.14 (TeX Live 2014/dev) (format=latex 2014.5.26)  8 AUG 2014 14:11
entering extended mode
 restricted \write18 enabled.
 %&-line parsing enabled.
**\nonstopmode\nofiles\PassOptionsToPackage{active,tightpage,auctex}{preview}\A
tBeginDocument{\ifx\ifPreview\undefined\RequirePackage[displaymath,floats,graph
ics,textmath,sections,footnotes]{preview}[2004/11/05]\fi} \input elsarticle-tem
plate-harv.tex
(./elsarticle-template-harv.tex (./elsarticle.cls
Document Class: elsarticle 2009/09/17, 1.20b: Elsevier Ltd
\@bls=\dimen102
(/usr/share/texlive/texmf-dist/tex/latex/base/article.cls
Document Class: article 2007/10/19 v1.4h Standard LaTeX document class
(/usr/share/texlive/texmf-dist/tex/latex/base/size12.clo
File: size12.clo 2007/10/19 v1.4h Standard LaTeX file (size option)
)
\c@part=\count79
\c@section=\count80
\c@subsection=\count81
\c@subsubsection=\count82
\c@paragraph=\count83
\c@subparagraph=\count84
\c@figure=\count85
\c@table=\count86
\abovecaptionskip=\skip41
\belowcaptionskip=\skip42
\bibindent=\dimen103
)
(/usr/share/texlive/texmf-dist/tex/latex/graphics/graphicx.sty
Package: graphicx 1999/02/16 v1.0f Enhanced LaTeX Graphics (DPC,SPQR)

(/usr/share/texlive/texmf-dist/tex/latex/graphics/keyval.sty
Package: keyval 1999/03/16 v1.13 key=value parser (DPC)
\KV@toks@=\toks14
)
(/usr/share/texlive/texmf-dist/tex/latex/graphics/graphics.sty
Package: graphics 2009/02/05 v1.0o Standard LaTeX Graphics (DPC,SPQR)

(/usr/share/texlive/texmf-dist/tex/latex/graphics/trig.sty
Package: trig 1999/03/16 v1.09 sin cos tan (DPC)
)
(/usr/share/texlive/texmf-dist/tex/latex/latexconfig/graphics.cfg
File: graphics.cfg 2010/04/23 v1.9 graphics configuration of TeX Live
)
Package graphics Info: Driver file: dvips.def on input line 91.

(/usr/share/texlive/texmf-dist/tex/latex/graphics/dvips.def
File: dvips.def 1999/02/16 v3.0i Driver-dependant file (DPC,SPQR)
))
\Gin@req@height=\dimen104
\Gin@req@width=\dimen105
)
(/usr/share/texlive/texmf-dist/tex/latex/psnfss/pifont.sty
Package: pifont 2005/04/12 PSNFSS-v9.2a Pi font support (SPQR) 
LaTeX Font Info:    Try loading font information for U+pzd on input line 63.

(/usr/share/texlive/texmf-dist/tex/latex/psnfss/upzd.fd
File: upzd.fd 2001/06/04 font definitions for U/pzd.
)
LaTeX Font Info:    Try loading font information for U+psy on input line 64.

(/usr/share/texlive/texmf-dist/tex/latex/psnfss/upsy.fd
File: upsy.fd 2001/06/04 font definitions for U/psy.
))
\c@tnote=\count87
\c@fnote=\count88
\c@cnote=\count89
\c@ead=\count90
\c@author=\count91
\@eadauthor=\toks15
\c@affn=\count92
\absbox=\box26
\keybox=\box27
\Columnwidth=\dimen106
\space@left=\dimen107
\els@boxa=\box28
\els@boxb=\box29
\leftMargin=\dimen108
\@enLab=\toks16
\@sep=\skip43
\@@sep=\skip44

(./elsarticle-template-harv.spl)
(/usr/share/texlive/texmf-dist/tex/latex/natbib/natbib.sty
Package: natbib 2010/09/13 8.31b (PWD, AO)
\bibhang=\skip45
\bibsep=\skip46
LaTeX Info: Redefining \cite on input line 694.


! LaTeX Error: \makeindex undefined.

See the LaTeX manual or LaTeX Companion for explanation.
Type  H <return>  for immediate help.
 ...                                              
                                                  
l.795 \renewcommand\makeindex
                             {\NAT@makeindex
Try typing  <return>  to proceed.
If that doesn't work, type  X <return>  to quit.

\c@NAT@ctr=\count93
)
\splwrite=\write3
\openout3 = `elsarticle-template-harv.spl'.

\appnamewidth=\dimen109
) (/usr/share/texlive/texmf-dist/tex/latex/oberdiek/epstopdf.sty
Package: epstopdf 2010/02/09 v2.5 Conversion with epstopdf on the fly (HO)

(/usr/share/texlive/texmf-dist/tex/latex/oberdiek/epstopdf-base.sty
Package: epstopdf-base 2010/02/09 v2.5 Base part for package epstopdf

(/usr/share/texlive/texmf-dist/tex/generic/oberdiek/infwarerr.sty
Package: infwarerr 2010/04/08 v1.3 Providing info/warning/error messages (HO)
)
(/usr/share/texlive/texmf-dist/tex/latex/oberdiek/grfext.sty
Package: grfext 2010/08/19 v1.1 Manage graphics extensions (HO)

(/usr/share/texlive/texmf-dist/tex/generic/oberdiek/kvdefinekeys.sty
Package: kvdefinekeys 2011/04/07 v1.3 Define keys (HO)

(/usr/share/texlive/texmf-dist/tex/generic/oberdiek/ltxcmds.sty
Package: ltxcmds 2011/11/09 v1.22 LaTeX kernel commands for general use (HO)
)))
(/usr/share/texlive/texmf-dist/tex/latex/oberdiek/kvoptions.sty
Package: kvoptions 2011/06/30 v3.11 Key value format for package options (HO)

(/usr/share/texlive/texmf-dist/tex/generic/oberdiek/kvsetkeys.sty
Package: kvsetkeys 2012/04/25 v1.16 Key value parser (HO)

(/usr/share/texlive/texmf-dist/tex/generic/oberdiek/etexcmds.sty
Package: etexcmds 2011/02/16 v1.5 Avoid name clashes with e-TeX commands (HO)

(/usr/share/texlive/texmf-dist/tex/generic/oberdiek/ifluatex.sty
Package: ifluatex 2010/03/01 v1.3 Provides the ifluatex switch (HO)
Package ifluatex Info: LuaTeX not detected.
)
Package etexcmds Info: Could not find \expanded.
(etexcmds)             That can mean that you are not using pdfTeX 1.50 or
(etexcmds)             that some package has redefined \expanded.
(etexcmds)             In the latter case, load this package earlier.
)))
(/usr/share/texlive/texmf-dist/tex/generic/oberdiek/pdftexcmds.sty
Package: pdftexcmds 2011/11/29 v0.20 Utility functions of pdfTeX for LuaTeX (HO
)

(/usr/share/texlive/texmf-dist/tex/generic/oberdiek/ifpdf.sty
Package: ifpdf 2011/01/30 v2.3 Provides the ifpdf switch (HO)
Package ifpdf Info: pdfTeX in PDF mode is not detected.
)
Package pdftexcmds Info: LuaTeX not detected.
Package pdftexcmds Info: \pdf@primitive is available.
Package pdftexcmds Info: \pdf@ifprimitive is available.
Package pdftexcmds Info: \pdfdraftmode is ignored in DVI mode.
)

Package epstopdf Warning: Drivers other than `pdftex.def' are not supported.

)) (/usr/share/texlive/texmf-dist/tex/latex/amsfonts/amssymb.sty
Package: amssymb 2013/01/14 v3.01 AMS font symbols

(/usr/share/texlive/texmf-dist/tex/latex/amsfonts/amsfonts.sty
Package: amsfonts 2013/01/14 v3.01 Basic AMSFonts support
\@emptytoks=\toks17
\symAMSa=\mathgroup4
\symAMSb=\mathgroup5
LaTeX Font Info:    Overwriting math alphabet `\mathfrak' in version `bold'
(Font)                  U/euf/m/n --> U/euf/b/n on input line 106.
))
(/usr/share/texlive/texmf-dist/tex/latex/amsmath/amsmath.sty
Package: amsmath 2013/01/14 v2.14 AMS math features
\@mathmargin=\skip47

For additional information on amsmath, use the `?' option.
(/usr/share/texlive/texmf-dist/tex/latex/amsmath/amstext.sty
Package: amstext 2000/06/29 v2.01

(/usr/share/texlive/texmf-dist/tex/latex/amsmath/amsgen.sty
File: amsgen.sty 1999/11/30 v2.0
\@emptytoks=\toks18
\ex@=\dimen110
))
(/usr/share/texlive/texmf-dist/tex/latex/amsmath/amsbsy.sty
Package: amsbsy 1999/11/29 v1.2d
\pmbraise@=\dimen111
)
(/usr/share/texlive/texmf-dist/tex/latex/amsmath/amsopn.sty
Package: amsopn 1999/12/14 v2.01 operator names
)
\inf@bad=\count94
LaTeX Info: Redefining \frac on input line 210.
\uproot@=\count95
\leftroot@=\count96
LaTeX Info: Redefining \overline on input line 306.
\classnum@=\count97
\DOTSCASE@=\count98
LaTeX Info: Redefining \ldots on input line 378.
LaTeX Info: Redefining \dots on input line 381.
LaTeX Info: Redefining \cdots on input line 466.
\Mathstrutbox@=\box30
\strutbox@=\box31
\big@size=\dimen112
LaTeX Font Info:    Redeclaring font encoding OML on input line 566.
LaTeX Font Info:    Redeclaring font encoding OMS on input line 567.
\macc@depth=\count99
\c@MaxMatrixCols=\count100
\dotsspace@=\muskip10
\c@parentequation=\count101
\dspbrk@lvl=\count102
\tag@help=\toks19
\row@=\count103
\column@=\count104
\maxfields@=\count105
\andhelp@=\toks20
\eqnshift@=\dimen113
\alignsep@=\dimen114
\tagshift@=\dimen115
\tagwidth@=\dimen116
\totwidth@=\dimen117
\lineht@=\dimen118
\@envbody=\toks21
\multlinegap=\skip48
\multlinetaggap=\skip49
\mathdisplay@stack=\toks22
LaTeX Info: Redefining \[ on input line 2665.
LaTeX Info: Redefining \] on input line 2666.
)
(/usr/share/texlive/texmf-dist/tex/latex/graphics/color.sty
Package: color 2005/11/14 v1.0j Standard LaTeX Color (DPC)

(/usr/share/texlive/texmf-dist/tex/latex/latexconfig/color.cfg
File: color.cfg 2007/01/18 v1.5 color configuration of teTeX/TeXLive
)
Package color Info: Driver file: dvips.def on input line 130.

(/usr/share/texlive/texmf-dist/tex/latex/graphics/dvipsnam.def
File: dvipsnam.def 1999/02/16 v3.0i Driver-dependant file (DPC,SPQR)
))
(./elsarticle-template-harv.aux)
LaTeX Font Info:    Checking defaults for OML/cmm/m/it on input line 105.
LaTeX Font Info:    ... okay on input line 105.
LaTeX Font Info:    Checking defaults for T1/cmr/m/n on input line 105.
LaTeX Font Info:    ... okay on input line 105.
LaTeX Font Info:    Checking defaults for OT1/cmr/m/n on input line 105.
LaTeX Font Info:    ... okay on input line 105.
LaTeX Font Info:    Checking defaults for OMS/cmsy/m/n on input line 105.
LaTeX Font Info:    ... okay on input line 105.
LaTeX Font Info:    Checking defaults for OMX/cmex/m/n on input line 105.
LaTeX Font Info:    ... okay on input line 105.
LaTeX Font Info:    Checking defaults for U/cmr/m/n on input line 105.
LaTeX Font Info:    ... okay on input line 105.

(/usr/share/texlive/texmf-dist/tex/latex/preview/preview.sty
Package: preview 2010/02/14 11.87 (AUCTeX/preview-latex)

(/usr/share/texlive/texmf-dist/tex/latex/preview/prtightpage.def
\PreviewBorder=\dimen119
)
(/usr/share/texlive/texmf-dist/tex/latex/preview/prauctex.def
No auxiliary output files.


\hbadness=\count106
\hfuzz=\dimen120
(/usr/share/texlive/texmf-dist/tex/latex/preview/prauctex.cfg))
(/usr/share/texlive/texmf-dist/tex/latex/preview/prfootnotes.def)
\pr@snippet=\count107
\pr@box=\box32
\pr@output=\toks23

Preview: Fontsize 12pt
)
! Preview: Snippet 1 started.
<-><->
      
l.141 ...wer transfer is analysed for both high ($
                                                  \reynoldsnumber=22300$) an...

Not a real error.

LaTeX Font Info:    Try loading font information for U+msa on input line 141.
(/usr/share/texlive/texmf-dist/tex/latex/amsfonts/umsa.fd
File: umsa.fd 2013/01/14 v3.01 AMS symbols A
)
LaTeX Font Info:    Try loading font information for U+msb on input line 141.

(/usr/share/texlive/texmf-dist/tex/latex/amsfonts/umsb.fd
File: umsb.fd 2013/01/14 v3.01 AMS symbols B
)
Preview: Tightpage -32891 -32891 32891 32891
! Preview: Snippet 1 ended.(537395+0x3910411).
<-><->
      
l.141 ...ed for both high ($\reynoldsnumber=22300$
                                                  ) and low ($\reynoldsnumbe...

Not a real error.

[1]
! Preview: Snippet 2 started.
<-><->
      
l.141 ...high ($\reynoldsnumber=22300$) and low ($
                                                  \reynoldsnumber=200$) Reyn...

Not a real error.

! Preview: Snippet 2 ended.(537395+0x3140371).
<-><->
      
l.141 ...er=22300$) and low ($\reynoldsnumber=200$
                                                  ) Reynolds numbers cases.
Not a real error.

[2] (./plots.tex (../figure/compare_data.tex
! Preview: Snippet 3 started.
<-><->
      
l.1 \begin{figure}
                  
Not a real error.

File: ../FnP/gnuplot/displacement_amp_re200.eps Graphic file (type eps)
<../FnP/gnuplot/displacement_amp_re200.eps>
File: ../FnP/gnuplot/velocity_amp_re200.eps Graphic file (type eps)

<../FnP/gnuplot/velocity_amp_re200.eps>
File: ../FnP/gnuplot/mean_power_re_200.eps Graphic file (type eps)
 <../FnP/gnuplot/mean_power_re_200.eps>
File: ../FnP/gnuplot/velocity_amp_collapsed_re200.eps Graphic file (type eps)

<../FnP/gnuplot/velocity_amp_collapsed_re200.eps>
File: ../FnP/gnuplot/mean_power_collapsed_re_200.eps Graphic file (type eps)

<../FnP/gnuplot/mean_power_collapsed_re_200.eps>
File: ../FnP/gnuplot/displacement_amp_collpased_re200.eps Graphic file (type ep
s)

<../FnP/gnuplot/displacement_amp_collpased_re200.eps>
! Preview: Snippet 3 ended.(27154321+0x25559040).
<-><->
      
l.37 \end{figure}
                 
Not a real error.

[3


]) (../figure/high_pi_1.tex
! Preview: Snippet 4 started.
<-><->
      
l.1 \begin{figure}
                  
Not a real error.

File: ../FnP/gnuplot/displacement_high_pi_1.eps Graphic file (type eps)
<../FnP/gnuplot/displacement_high_pi_1.eps>
File: ../FnP/gnuplot/velocity_high_pi_1.eps Graphic file (type eps)

<../FnP/gnuplot/velocity_high_pi_1.eps>
File: ../FnP/gnuplot/mean_power_high_pi_1.eps Graphic file (type eps)

<../FnP/gnuplot/mean_power_high_pi_1.eps>
! Preview: Snippet 4 ended.(32302850+0x25559040).
<-><->
      
l.28 \end{figure}
                 
Not a real error.

[4


]) (../figure/low_pi_1.tex
! Preview: Snippet 5 started.
<-><->
      
l.1 \begin{figure}
                  
Not a real error.

File: ../FnP/gnuplot/displacement_low_pi_1.eps Graphic file (type eps)
<../FnP/gnuplot/displacement_low_pi_1.eps>
File: ../FnP/gnuplot/velocity_low_pi_1.eps Graphic file (type eps)

<../FnP/gnuplot/velocity_low_pi_1.eps>
File: ../FnP/gnuplot/mean_power_low_pi_1.eps Graphic file (type eps)

<../FnP/gnuplot/mean_power_low_pi_1.eps>
! Preview: Snippet 5 ended.(31516418+0x25559040).
<-><->
      
l.27 \end{figure}
                 
Not a real error.

[5


]) (../figure/collapsed_data.tex
! Preview: Snippet 6 started.
<-><->
      
l.1 \begin{figure}
                  
Not a real error.

File: ../FnP/gnuplot/mean_power_collapsed_parkinson.eps Graphic file (type eps)

<../FnP/gnuplot/mean_power_collapsed_parkinson.eps>
File: ../FnP/gnuplot/mean_power_optimum_re_200.eps Graphic file (type eps)

<../FnP/gnuplot/mean_power_optimum_re_200.eps>
! Preview: Snippet 6 ended.(9459835+0x25559040).
<-><->
      
l.32 \end{figure}
                 
Not a real error.

[6


]) (../figure/qss_fsi.tex
! Preview: Snippet 7 started.
<-><->
      
l.1 \begin{figure}
                  
Not a real error.

File: ../FnP/gnuplot/fqss_fsi_displace.eps Graphic file (type eps)
<../FnP/gnuplot/fqss_fsi_displace.eps>
File: ../FnP/gnuplot/qss_fsi_velocity.eps Graphic file (type eps)
 <../FnP/gnuplot/qss_fsi_velocity.eps>
File: ../FnP/gnuplot/qss_fsi_power.eps Graphic file (type eps)

<../FnP/gnuplot/qss_fsi_power.eps>
! Preview: Snippet 7 ended.(33089282+0x25559040).
<-><->
      
l.26 \end{figure}
                 
Not a real error.

[7


])) (./elsarticle-template-harv.bbl
! Preview: Snippet 8 started.
<-><->
      
l.1 \begin{thebibliography}{16}
                               
Not a real error.

! Preview: Snippet 8 ended.(546132+0x25559040).
<-><->
      
l.1 \begin{thebibliography}{16}
                               
Not a real error.

[8]) ) 
Here is how much of TeX's memory you used:
 2938 strings out of 495035
 38806 string characters out of 6181703
 93236 words of memory out of 5000000
 6045 multiletter control sequences out of 15000+600000
 12286 words of font info for 47 fonts, out of 8000000 for 9000
 14 hyphenation exceptions out of 8191
 42i,10n,34p,1133b,334s stack positions out of 5000i,500n,10000p,200000b,80000s

Output written on elsarticle-template-harv.dvi (8 pages, 7896 bytes).
