This is pdfTeX, Version 3.14159265-2.6-1.40.15 (TeX Live 2014) (preloaded format=pdflatex 2014.10.28)  24 APR 2015 23:15
entering extended mode
 restricted \write18 enabled.
 %&-line parsing enabled.
**main.tex
(./main.tex
LaTeX2e <2014/05/01>
Babel <3.9k> and hyphenation patterns for 78 languages loaded.
(/usr/local/texlive/2014/texmf-dist/tex/latex/base/article.cls
Document Class: article 2007/10/19 v1.4h Standard LaTeX document class
(/usr/local/texlive/2014/texmf-dist/tex/latex/base/size12.clo
File: size12.clo 2007/10/19 v1.4h Standard LaTeX file (size option)
)
\c@part=\count79
\c@section=\count80
\c@subsection=\count81
\c@subsubsection=\count82
\c@paragraph=\count83
\c@subparagraph=\count84
\c@figure=\count85
\c@table=\count86
\abovecaptionskip=\skip41
\belowcaptionskip=\skip42
\bibindent=\dimen102
)
(/usr/local/texlive/2014/texmf-dist/tex/latex/amsmath/amsmath.sty
Package: amsmath 2013/01/14 v2.14 AMS math features
\@mathmargin=\skip43

For additional information on amsmath, use the `?' option.
(/usr/local/texlive/2014/texmf-dist/tex/latex/amsmath/amstext.sty
Package: amstext 2000/06/29 v2.01

(/usr/local/texlive/2014/texmf-dist/tex/latex/amsmath/amsgen.sty
File: amsgen.sty 1999/11/30 v2.0
\@emptytoks=\toks14
\ex@=\dimen103
))
(/usr/local/texlive/2014/texmf-dist/tex/latex/amsmath/amsbsy.sty
Package: amsbsy 1999/11/29 v1.2d
\pmbraise@=\dimen104
)
(/usr/local/texlive/2014/texmf-dist/tex/latex/amsmath/amsopn.sty
Package: amsopn 1999/12/14 v2.01 operator names
)
\inf@bad=\count87
LaTeX Info: Redefining \frac on input line 210.
\uproot@=\count88
\leftroot@=\count89
LaTeX Info: Redefining \overline on input line 306.
\classnum@=\count90
\DOTSCASE@=\count91
LaTeX Info: Redefining \ldots on input line 378.
LaTeX Info: Redefining \dots on input line 381.
LaTeX Info: Redefining \cdots on input line 466.
\Mathstrutbox@=\box26
\strutbox@=\box27
\big@size=\dimen105
LaTeX Font Info:    Redeclaring font encoding OML on input line 566.
LaTeX Font Info:    Redeclaring font encoding OMS on input line 567.
\macc@depth=\count92
\c@MaxMatrixCols=\count93
\dotsspace@=\muskip10
\c@parentequation=\count94
\dspbrk@lvl=\count95
\tag@help=\toks15
\row@=\count96
\column@=\count97
\maxfields@=\count98
\andhelp@=\toks16
\eqnshift@=\dimen106
\alignsep@=\dimen107
\tagshift@=\dimen108
\tagwidth@=\dimen109
\totwidth@=\dimen110
\lineht@=\dimen111
\@envbody=\toks17
\multlinegap=\skip44
\multlinetaggap=\skip45
\mathdisplay@stack=\toks18
LaTeX Info: Redefining \[ on input line 2665.
LaTeX Info: Redefining \] on input line 2666.
)
(/usr/local/texlive/2014/texmf-dist/tex/latex/amsfonts/amssymb.sty
Package: amssymb 2013/01/14 v3.01 AMS font symbols

(/usr/local/texlive/2014/texmf-dist/tex/latex/amsfonts/amsfonts.sty
Package: amsfonts 2013/01/14 v3.01 Basic AMSFonts support
\symAMSa=\mathgroup4
\symAMSb=\mathgroup5
LaTeX Font Info:    Overwriting math alphabet `\mathfrak' in version `bold'
(Font)                  U/euf/m/n --> U/euf/b/n on input line 106.
))
(/usr/local/texlive/2014/texmf-dist/tex/latex/xcolor/xcolor.sty
Package: xcolor 2007/01/21 v2.11 LaTeX color extensions (UK)

(/usr/local/texlive/2014/texmf-dist/tex/latex/latexconfig/color.cfg
File: color.cfg 2007/01/18 v1.5 color configuration of teTeX/TeXLive
)
Package xcolor Info: Driver file: pdftex.def on input line 225.

(/usr/local/texlive/2014/texmf-dist/tex/latex/pdftex-def/pdftex.def
File: pdftex.def 2011/05/27 v0.06d Graphics/color for pdfTeX

(/usr/local/texlive/2014/texmf-dist/tex/generic/oberdiek/infwarerr.sty
Package: infwarerr 2010/04/08 v1.3 Providing info/warning/error messages (HO)
)
(/usr/local/texlive/2014/texmf-dist/tex/generic/oberdiek/ltxcmds.sty
Package: ltxcmds 2011/11/09 v1.22 LaTeX kernel commands for general use (HO)
)
\Gread@gobject=\count99
)
Package xcolor Info: Model `cmy' substituted by `cmy0' on input line 1337.
Package xcolor Info: Model `hsb' substituted by `rgb' on input line 1341.
Package xcolor Info: Model `RGB' extended on input line 1353.
Package xcolor Info: Model `HTML' substituted by `rgb' on input line 1355.
Package xcolor Info: Model `Hsb' substituted by `hsb' on input line 1356.
Package xcolor Info: Model `tHsb' substituted by `hsb' on input line 1357.
Package xcolor Info: Model `HSB' substituted by `hsb' on input line 1358.
Package xcolor Info: Model `Gray' substituted by `gray' on input line 1359.
Package xcolor Info: Model `wave' substituted by `hsb' on input line 1360.
)
(/usr/local/texlive/2014/texmf-dist/tex/latex/graphics/graphicx.sty
Package: graphicx 2014/04/25 v1.0g Enhanced LaTeX Graphics (DPC,SPQR)

(/usr/local/texlive/2014/texmf-dist/tex/latex/graphics/keyval.sty
Package: keyval 2014/05/08 v1.15 key=value parser (DPC)
\KV@toks@=\toks19
)
(/usr/local/texlive/2014/texmf-dist/tex/latex/graphics/graphics.sty
Package: graphics 2009/02/05 v1.0o Standard LaTeX Graphics (DPC,SPQR)

(/usr/local/texlive/2014/texmf-dist/tex/latex/graphics/trig.sty
Package: trig 1999/03/16 v1.09 sin cos tan (DPC)
)
(/usr/local/texlive/2014/texmf-dist/tex/latex/latexconfig/graphics.cfg
File: graphics.cfg 2010/04/23 v1.9 graphics configuration of TeX Live
)
Package graphics Info: Driver file: pdftex.def on input line 91.
)
\Gin@req@height=\dimen112
\Gin@req@width=\dimen113
)
(/usr/local/texlive/2014/texmf-dist/tex/latex/psnfss/pifont.sty
Package: pifont 2005/04/12 PSNFSS-v9.2a Pi font support (SPQR) 
LaTeX Font Info:    Try loading font information for U+pzd on input line 63.

(/usr/local/texlive/2014/texmf-dist/tex/latex/psnfss/upzd.fd
File: upzd.fd 2001/06/04 font definitions for U/pzd.
)
LaTeX Font Info:    Try loading font information for U+psy on input line 64.

(/usr/local/texlive/2014/texmf-dist/tex/latex/psnfss/upsy.fd
File: upsy.fd 2001/06/04 font definitions for U/psy.
))
(/usr/local/texlive/2014/texmf-dist/tex/latex/pgf/frontendlayer/tikz.sty
(/usr/local/texlive/2014/texmf-dist/tex/latex/pgf/basiclayer/pgf.sty
(/usr/local/texlive/2014/texmf-dist/tex/latex/pgf/utilities/pgfrcs.sty
(/usr/local/texlive/2014/texmf-dist/tex/generic/pgf/utilities/pgfutil-common.te
x
\pgfutil@everybye=\toks20
\pgfutil@tempdima=\dimen114
\pgfutil@tempdimb=\dimen115

(/usr/local/texlive/2014/texmf-dist/tex/generic/pgf/utilities/pgfutil-common-li
sts.tex))
(/usr/local/texlive/2014/texmf-dist/tex/generic/pgf/utilities/pgfutil-latex.def
\pgfutil@abb=\box28
(/usr/local/texlive/2014/texmf-dist/tex/latex/ms/everyshi.sty
Package: everyshi 2001/05/15 v3.00 EveryShipout Package (MS)
))
(/usr/local/texlive/2014/texmf-dist/tex/generic/pgf/utilities/pgfrcs.code.tex
Package: pgfrcs 2013/12/20 v3.0.0 (rcs-revision 1.28)
))
Package: pgf 2013/12/18 v3.0.0 (rcs-revision 1.14)
(/usr/local/texlive/2014/texmf-dist/tex/latex/pgf/basiclayer/pgfcore.sty
(/usr/local/texlive/2014/texmf-dist/tex/latex/pgf/systemlayer/pgfsys.sty
(/usr/local/texlive/2014/texmf-dist/tex/generic/pgf/systemlayer/pgfsys.code.tex
Package: pgfsys 2013/11/30 v3.0.0 (rcs-revision 1.47)
(/usr/local/texlive/2014/texmf-dist/tex/generic/pgf/utilities/pgfkeys.code.tex
\pgfkeys@pathtoks=\toks21
\pgfkeys@temptoks=\toks22

(/usr/local/texlive/2014/texmf-dist/tex/generic/pgf/utilities/pgfkeysfiltered.c
ode.tex
\pgfkeys@tmptoks=\toks23
))
\pgf@x=\dimen116
\pgf@y=\dimen117
\pgf@xa=\dimen118
\pgf@ya=\dimen119
\pgf@xb=\dimen120
\pgf@yb=\dimen121
\pgf@xc=\dimen122
\pgf@yc=\dimen123
\w@pgf@writea=\write3
\r@pgf@reada=\read1
\c@pgf@counta=\count100
\c@pgf@countb=\count101
\c@pgf@countc=\count102
\c@pgf@countd=\count103
\t@pgf@toka=\toks24
\t@pgf@tokb=\toks25
\t@pgf@tokc=\toks26

(/usr/local/texlive/2014/texmf-dist/tex/generic/pgf/systemlayer/pgf.cfg
File: pgf.cfg 2008/05/14  (rcs-revision 1.7)
)
Driver file for pgf: pgfsys-pdftex.def

(/usr/local/texlive/2014/texmf-dist/tex/generic/pgf/systemlayer/pgfsys-pdftex.d
ef
File: pgfsys-pdftex.def 2013/07/18  (rcs-revision 1.33)

(/usr/local/texlive/2014/texmf-dist/tex/generic/pgf/systemlayer/pgfsys-common-p
df.def
File: pgfsys-common-pdf.def 2013/10/10  (rcs-revision 1.13)
)))
(/usr/local/texlive/2014/texmf-dist/tex/generic/pgf/systemlayer/pgfsyssoftpath.
code.tex
File: pgfsyssoftpath.code.tex 2013/09/09  (rcs-revision 1.9)
\pgfsyssoftpath@smallbuffer@items=\count104
\pgfsyssoftpath@bigbuffer@items=\count105
)
(/usr/local/texlive/2014/texmf-dist/tex/generic/pgf/systemlayer/pgfsysprotocol.
code.tex
File: pgfsysprotocol.code.tex 2006/10/16  (rcs-revision 1.4)
))
(/usr/local/texlive/2014/texmf-dist/tex/generic/pgf/basiclayer/pgfcore.code.tex
Package: pgfcore 2010/04/11 v3.0.0 (rcs-revision 1.7)
(/usr/local/texlive/2014/texmf-dist/tex/generic/pgf/math/pgfmath.code.tex
(/usr/local/texlive/2014/texmf-dist/tex/generic/pgf/math/pgfmathcalc.code.tex
(/usr/local/texlive/2014/texmf-dist/tex/generic/pgf/math/pgfmathutil.code.tex)
(/usr/local/texlive/2014/texmf-dist/tex/generic/pgf/math/pgfmathparser.code.tex
\pgfmath@dimen=\dimen124
\pgfmath@count=\count106
\pgfmath@box=\box29
\pgfmath@toks=\toks27
\pgfmath@stack@operand=\toks28
\pgfmath@stack@operation=\toks29
)
(/usr/local/texlive/2014/texmf-dist/tex/generic/pgf/math/pgfmathfunctions.code.
tex
(/usr/local/texlive/2014/texmf-dist/tex/generic/pgf/math/pgfmathfunctions.basic
.code.tex)
(/usr/local/texlive/2014/texmf-dist/tex/generic/pgf/math/pgfmathfunctions.trigo
nometric.code.tex)
(/usr/local/texlive/2014/texmf-dist/tex/generic/pgf/math/pgfmathfunctions.rando
m.code.tex)
(/usr/local/texlive/2014/texmf-dist/tex/generic/pgf/math/pgfmathfunctions.compa
rison.code.tex)
(/usr/local/texlive/2014/texmf-dist/tex/generic/pgf/math/pgfmathfunctions.base.
code.tex)
(/usr/local/texlive/2014/texmf-dist/tex/generic/pgf/math/pgfmathfunctions.round
.code.tex)
(/usr/local/texlive/2014/texmf-dist/tex/generic/pgf/math/pgfmathfunctions.misc.
code.tex)
(/usr/local/texlive/2014/texmf-dist/tex/generic/pgf/math/pgfmathfunctions.integ
erarithmetics.code.tex)))
(/usr/local/texlive/2014/texmf-dist/tex/generic/pgf/math/pgfmathfloat.code.tex
\c@pgfmathroundto@lastzeros=\count107
))
(/usr/local/texlive/2014/texmf-dist/tex/generic/pgf/basiclayer/pgfcorepoints.co
de.tex
File: pgfcorepoints.code.tex 2013/10/07  (rcs-revision 1.27)
\pgf@picminx=\dimen125
\pgf@picmaxx=\dimen126
\pgf@picminy=\dimen127
\pgf@picmaxy=\dimen128
\pgf@pathminx=\dimen129
\pgf@pathmaxx=\dimen130
\pgf@pathminy=\dimen131
\pgf@pathmaxy=\dimen132
\pgf@xx=\dimen133
\pgf@xy=\dimen134
\pgf@yx=\dimen135
\pgf@yy=\dimen136
\pgf@zx=\dimen137
\pgf@zy=\dimen138
)
(/usr/local/texlive/2014/texmf-dist/tex/generic/pgf/basiclayer/pgfcorepathconst
ruct.code.tex
File: pgfcorepathconstruct.code.tex 2013/10/07  (rcs-revision 1.29)
\pgf@path@lastx=\dimen139
\pgf@path@lasty=\dimen140
)
(/usr/local/texlive/2014/texmf-dist/tex/generic/pgf/basiclayer/pgfcorepathusage
.code.tex
File: pgfcorepathusage.code.tex 2013/12/13  (rcs-revision 1.23)
\pgf@shorten@end@additional=\dimen141
\pgf@shorten@start@additional=\dimen142
)
(/usr/local/texlive/2014/texmf-dist/tex/generic/pgf/basiclayer/pgfcorescopes.co
de.tex
File: pgfcorescopes.code.tex 2013/10/09  (rcs-revision 1.44)
\pgfpic=\box30
\pgf@hbox=\box31
\pgf@layerbox@main=\box32
\pgf@picture@serial@count=\count108
)
(/usr/local/texlive/2014/texmf-dist/tex/generic/pgf/basiclayer/pgfcoregraphicst
ate.code.tex
File: pgfcoregraphicstate.code.tex 2013/09/19  (rcs-revision 1.11)
\pgflinewidth=\dimen143
)
(/usr/local/texlive/2014/texmf-dist/tex/generic/pgf/basiclayer/pgfcoretransform
ations.code.tex
File: pgfcoretransformations.code.tex 2013/10/10  (rcs-revision 1.17)
\pgf@pt@x=\dimen144
\pgf@pt@y=\dimen145
\pgf@pt@temp=\dimen146
)
(/usr/local/texlive/2014/texmf-dist/tex/generic/pgf/basiclayer/pgfcorequick.cod
e.tex
File: pgfcorequick.code.tex 2008/10/09  (rcs-revision 1.3)
)
(/usr/local/texlive/2014/texmf-dist/tex/generic/pgf/basiclayer/pgfcoreobjects.c
ode.tex
File: pgfcoreobjects.code.tex 2006/10/11  (rcs-revision 1.2)
)
(/usr/local/texlive/2014/texmf-dist/tex/generic/pgf/basiclayer/pgfcorepathproce
ssing.code.tex
File: pgfcorepathprocessing.code.tex 2013/09/09  (rcs-revision 1.9)
)
(/usr/local/texlive/2014/texmf-dist/tex/generic/pgf/basiclayer/pgfcorearrows.co
de.tex
File: pgfcorearrows.code.tex 2013/11/07  (rcs-revision 1.40)
\pgfarrowsep=\dimen147
)
(/usr/local/texlive/2014/texmf-dist/tex/generic/pgf/basiclayer/pgfcoreshade.cod
e.tex
File: pgfcoreshade.code.tex 2013/07/15  (rcs-revision 1.15)
\pgf@max=\dimen148
\pgf@sys@shading@range@num=\count109
)
(/usr/local/texlive/2014/texmf-dist/tex/generic/pgf/basiclayer/pgfcoreimage.cod
e.tex
File: pgfcoreimage.code.tex 2013/07/15  (rcs-revision 1.18)

(/usr/local/texlive/2014/texmf-dist/tex/generic/pgf/basiclayer/pgfcoreexternal.
code.tex
File: pgfcoreexternal.code.tex 2013/07/15  (rcs-revision 1.20)
\pgfexternal@startupbox=\box33
))
(/usr/local/texlive/2014/texmf-dist/tex/generic/pgf/basiclayer/pgfcorelayers.co
de.tex
File: pgfcorelayers.code.tex 2013/07/18  (rcs-revision 1.7)
)
(/usr/local/texlive/2014/texmf-dist/tex/generic/pgf/basiclayer/pgfcoretranspare
ncy.code.tex
File: pgfcoretransparency.code.tex 2013/09/30  (rcs-revision 1.5)
)
(/usr/local/texlive/2014/texmf-dist/tex/generic/pgf/basiclayer/pgfcorepatterns.
code.tex
File: pgfcorepatterns.code.tex 2013/11/07  (rcs-revision 1.5)
)))
(/usr/local/texlive/2014/texmf-dist/tex/generic/pgf/modules/pgfmoduleshapes.cod
e.tex
File: pgfmoduleshapes.code.tex 2013/10/31  (rcs-revision 1.34)
\pgfnodeparttextbox=\box34
)
(/usr/local/texlive/2014/texmf-dist/tex/generic/pgf/modules/pgfmoduleplot.code.
tex
File: pgfmoduleplot.code.tex 2013/07/31  (rcs-revision 1.12)
)
(/usr/local/texlive/2014/texmf-dist/tex/latex/pgf/compatibility/pgfcomp-version
-0-65.sty
Package: pgfcomp-version-0-65 2007/07/03 v3.0.0 (rcs-revision 1.7)
\pgf@nodesepstart=\dimen149
\pgf@nodesepend=\dimen150
)
(/usr/local/texlive/2014/texmf-dist/tex/latex/pgf/compatibility/pgfcomp-version
-1-18.sty
Package: pgfcomp-version-1-18 2007/07/23 v3.0.0 (rcs-revision 1.1)
))
(/usr/local/texlive/2014/texmf-dist/tex/latex/pgf/utilities/pgffor.sty
(/usr/local/texlive/2014/texmf-dist/tex/latex/pgf/utilities/pgfkeys.sty
(/usr/local/texlive/2014/texmf-dist/tex/generic/pgf/utilities/pgfkeys.code.tex)
) (/usr/local/texlive/2014/texmf-dist/tex/latex/pgf/math/pgfmath.sty
(/usr/local/texlive/2014/texmf-dist/tex/generic/pgf/math/pgfmath.code.tex))
(/usr/local/texlive/2014/texmf-dist/tex/generic/pgf/utilities/pgffor.code.tex
Package: pgffor 2013/12/13 v3.0.0 (rcs-revision 1.25)

(/usr/local/texlive/2014/texmf-dist/tex/generic/pgf/math/pgfmath.code.tex)
\pgffor@iter=\dimen151
\pgffor@skip=\dimen152
\pgffor@stack=\toks30
\pgffor@toks=\toks31
))
(/usr/local/texlive/2014/texmf-dist/tex/generic/pgf/frontendlayer/tikz/tikz.cod
e.tex
Package: tikz 2013/12/13 v3.0.0 (rcs-revision 1.142)

(/usr/local/texlive/2014/texmf-dist/tex/generic/pgf/libraries/pgflibraryplothan
dlers.code.tex
File: pgflibraryplothandlers.code.tex 2013/08/31 v3.0.0 (rcs-revision 1.20)
\pgf@plot@mark@count=\count110
\pgfplotmarksize=\dimen153
)
\tikz@lastx=\dimen154
\tikz@lasty=\dimen155
\tikz@lastxsaved=\dimen156
\tikz@lastysaved=\dimen157
\tikzleveldistance=\dimen158
\tikzsiblingdistance=\dimen159
\tikz@figbox=\box35
\tikz@figbox@bg=\box36
\tikz@tempbox=\box37
\tikz@tempbox@bg=\box38
\tikztreelevel=\count111
\tikznumberofchildren=\count112
\tikznumberofcurrentchild=\count113
\tikz@fig@count=\count114

(/usr/local/texlive/2014/texmf-dist/tex/generic/pgf/modules/pgfmodulematrix.cod
e.tex
File: pgfmodulematrix.code.tex 2013/09/17  (rcs-revision 1.8)
\pgfmatrixcurrentrow=\count115
\pgfmatrixcurrentcolumn=\count116
\pgf@matrix@numberofcolumns=\count117
)
\tikz@expandcount=\count118

(/usr/local/texlive/2014/texmf-dist/tex/generic/pgf/frontendlayer/tikz/librarie
s/tikzlibrarytopaths.code.tex
File: tikzlibrarytopaths.code.tex 2008/06/17 v3.0.0 (rcs-revision 1.2)
)))
(/usr/local/texlive/2014/texmf-dist/tex/latex/tools/longtable.sty
Package: longtable 2004/02/01 v4.11 Multi-page Table package (DPC)
\LTleft=\skip46
\LTright=\skip47
\LTpre=\skip48
\LTpost=\skip49
\LTchunksize=\count119
\LTcapwidth=\dimen160
\LT@head=\box39
\LT@firsthead=\box40
\LT@foot=\box41
\LT@lastfoot=\box42
\LT@cols=\count120
\LT@rows=\count121
\c@LT@tables=\count122
\c@LT@chunks=\count123
\LT@p@ftn=\toks32
)
(/usr/local/texlive/2014/texmf-dist/tex/latex/tools/tabularx.sty
Package: tabularx 2014/05/13 v2.10 `tabularx' package (DPC)

(/usr/local/texlive/2014/texmf-dist/tex/latex/tools/array.sty
Package: array 2008/09/09 v2.4c Tabular extension package (FMi)
\col@sep=\dimen161
\extrarowheight=\dimen162
\NC@list=\toks33
\extratabsurround=\skip50
\backup@length=\skip51
)
\TX@col@width=\dimen163
\TX@old@table=\dimen164
\TX@old@col=\dimen165
\TX@target=\dimen166
\TX@delta=\dimen167
\TX@cols=\count124
\TX@ftn=\toks34
)
(/usr/local/texlive/2014/texmf-dist/tex/latex/natbib/natbib.sty
Package: natbib 2010/09/13 8.31b (PWD, AO)
\bibhang=\skip52
\bibsep=\skip53
LaTeX Info: Redefining \cite on input line 694.
\c@NAT@ctr=\count125
)
(/usr/local/texlive/2014/texmf-dist/tex/latex/booktabs/booktabs.sty
Package: booktabs 2005/04/14 v1.61803 publication quality tables
\heavyrulewidth=\dimen168
\lightrulewidth=\dimen169
\cmidrulewidth=\dimen170
\belowrulesep=\dimen171
\belowbottomsep=\dimen172
\aboverulesep=\dimen173
\abovetopsep=\dimen174
\cmidrulesep=\dimen175
\cmidrulekern=\dimen176
\defaultaddspace=\dimen177
\@cmidla=\count126
\@cmidlb=\count127
\@aboverulesep=\dimen178
\@belowrulesep=\dimen179
\@thisruleclass=\count128
\@lastruleclass=\count129
\@thisrulewidth=\dimen180
)
(/usr/local/texlive/2014/texmf-dist/tex/latex/pdfpages/pdfpages.sty
Package: pdfpages 2013/08/25 v0.4v Insert pages of external PDF documents (AM)

(/usr/local/texlive/2014/texmf-dist/tex/latex/base/ifthen.sty
Package: ifthen 2001/05/26 v1.1c Standard LaTeX ifthen package (DPC)
)
(/usr/local/texlive/2014/texmf-dist/tex/latex/tools/calc.sty
Package: calc 2007/08/22 v4.3 Infix arithmetic (KKT,FJ)
\calc@Acount=\count130
\calc@Bcount=\count131
\calc@Adimen=\dimen181
\calc@Bdimen=\dimen182
\calc@Askip=\skip54
\calc@Bskip=\skip55
LaTeX Info: Redefining \setlength on input line 75.
LaTeX Info: Redefining \addtolength on input line 76.
\calc@Ccount=\count132
\calc@Cskip=\skip56
)
(/usr/local/texlive/2014/texmf-dist/tex/latex/eso-pic/eso-pic.sty
Package: eso-pic 2013/10/06 v2.0d eso-pic (RN)

(/usr/local/texlive/2014/texmf-dist/tex/generic/oberdiek/atbegshi.sty
Package: atbegshi 2011/10/05 v1.16 At begin shipout hook (HO)

(/usr/local/texlive/2014/texmf-dist/tex/generic/oberdiek/ifpdf.sty
Package: ifpdf 2011/01/30 v2.3 Provides the ifpdf switch (HO)
Package ifpdf Info: pdfTeX in PDF mode is detected.
)))
(/usr/local/texlive/2014/texmf-dist/tex/latex/pdfpages/pppdftex.def
File: pppdftex.def 2013/08/25 v0.4v Pdfpages driver for pdfTeX (AM)
)
\AM@pagebox=\box43
\AM@toc@title=\toks35
\c@AM@survey=\count133
\AM@templatesizebox=\box44
)
(/usr/local/texlive/2014/texmf-dist/tex/latex/oberdiek/epstopdf.sty
Package: epstopdf 2010/02/09 v2.5 Conversion with epstopdf on the fly (HO)

(/usr/local/texlive/2014/texmf-dist/tex/latex/oberdiek/epstopdf-base.sty
Package: epstopdf-base 2010/02/09 v2.5 Base part for package epstopdf

(/usr/local/texlive/2014/texmf-dist/tex/latex/oberdiek/grfext.sty
Package: grfext 2010/08/19 v1.1 Manage graphics extensions (HO)

(/usr/local/texlive/2014/texmf-dist/tex/generic/oberdiek/kvdefinekeys.sty
Package: kvdefinekeys 2011/04/07 v1.3 Define keys (HO)
))
(/usr/local/texlive/2014/texmf-dist/tex/latex/oberdiek/kvoptions.sty
Package: kvoptions 2011/06/30 v3.11 Key value format for package options (HO)

(/usr/local/texlive/2014/texmf-dist/tex/generic/oberdiek/kvsetkeys.sty
Package: kvsetkeys 2012/04/25 v1.16 Key value parser (HO)

(/usr/local/texlive/2014/texmf-dist/tex/generic/oberdiek/etexcmds.sty
Package: etexcmds 2011/02/16 v1.5 Avoid name clashes with e-TeX commands (HO)

(/usr/local/texlive/2014/texmf-dist/tex/generic/oberdiek/ifluatex.sty
Package: ifluatex 2010/03/01 v1.3 Provides the ifluatex switch (HO)
Package ifluatex Info: LuaTeX not detected.
)
Package etexcmds Info: Could not find \expanded.
(etexcmds)             That can mean that you are not using pdfTeX 1.50 or
(etexcmds)             that some package has redefined \expanded.
(etexcmds)             In the latter case, load this package earlier.
)))
(/usr/local/texlive/2014/texmf-dist/tex/generic/oberdiek/pdftexcmds.sty
Package: pdftexcmds 2011/11/29 v0.20 Utility functions of pdfTeX for LuaTeX (HO
)
Package pdftexcmds Info: LuaTeX not detected.
Package pdftexcmds Info: \pdf@primitive is available.
Package pdftexcmds Info: \pdf@ifprimitive is available.
Package pdftexcmds Info: \pdfdraftmode found.
)
Package grfext Info: Graphics extension search list:
(grfext)             [.png,.pdf,.jpg,.mps,.jpeg,.jbig2,.jb2,.PNG,.PDF,.JPG,.JPE
G,.JBIG2,.JB2,.eps]
(grfext)             \AppendGraphicsExtensions on input line 452.

(/usr/local/texlive/2014/texmf-dist/tex/latex/latexconfig/epstopdf-sys.cfg
File: epstopdf-sys.cfg 2010/07/13 v1.3 Configuration of (r)epstopdf for TeX Liv
e
)))
(/usr/local/texlive/2014/texmf-dist/tex/latex/tools/enumerate.sty
Package: enumerate 1999/03/05 v3.00 enumerate extensions (DPC)
\@enLab=\toks36
) (./main.aux)
\openout1 = `main.aux'.

LaTeX Font Info:    Checking defaults for OML/cmm/m/it on input line 42.
LaTeX Font Info:    ... okay on input line 42.
LaTeX Font Info:    Checking defaults for T1/cmr/m/n on input line 42.
LaTeX Font Info:    ... okay on input line 42.
LaTeX Font Info:    Checking defaults for OT1/cmr/m/n on input line 42.
LaTeX Font Info:    ... okay on input line 42.
LaTeX Font Info:    Checking defaults for OMS/cmsy/m/n on input line 42.
LaTeX Font Info:    ... okay on input line 42.
LaTeX Font Info:    Checking defaults for OMX/cmex/m/n on input line 42.
LaTeX Font Info:    ... okay on input line 42.
LaTeX Font Info:    Checking defaults for U/cmr/m/n on input line 42.
LaTeX Font Info:    ... okay on input line 42.
(/usr/local/texlive/2014/texmf-dist/tex/context/base/supp-pdf.mkii
[Loading MPS to PDF converter (version 2006.09.02).]
\scratchcounter=\count134
\scratchdimen=\dimen183
\scratchbox=\box45
\nofMPsegments=\count135
\nofMParguments=\count136
\everyMPshowfont=\toks37
\MPscratchCnt=\count137
\MPscratchDim=\dimen184
\MPnumerator=\count138
\makeMPintoPDFobject=\count139
\everyMPtoPDFconversion=\toks38
) ABD: EveryShipout initializing macros
\AtBeginShipoutBox=\box46
LaTeX Font Info:    Try loading font information for U+msa on input line 52.

(/usr/local/texlive/2014/texmf-dist/tex/latex/amsfonts/umsa.fd
File: umsa.fd 2013/01/14 v3.01 AMS symbols A
)
LaTeX Font Info:    Try loading font information for U+msb on input line 52.

(/usr/local/texlive/2014/texmf-dist/tex/latex/amsfonts/umsb.fd
File: umsb.fd 2013/01/14 v3.01 AMS symbols B
) [1

{/usr/local/texlive/2014/texmf-var/fonts/map/pdftex/updmap/pdftex.map}] (./main
.toc)
\tf@toc=\write4
\openout4 = `main.toc'.


[1]
Missing character: There is no ‚ in font cmr12!
Missing character: There is no Ä in font cmr12!
Missing character: There is no ù in font cmr12!
 [2

]
LaTeX Font Info:    Try loading font information for OMS+cmr on input line 80.
 (/usr/local/texlive/2014/texmf-dist/tex/latex/base/omscmr.fd
File: omscmr.fd 1999/05/25 v2.5h Standard LaTeX font definitions
)
LaTeX Font Info:    Font shape `OMS/cmr/m/n' in size <12> not available
(Font)              Font shape `OMS/cmsy/m/n' tried instead on input line 80.
 [3]
[4

] [5

] (./figures/sketch-1.tex
Package epstopdf Info: Source file: <./FnP/hybrid_section.eps>
(epstopdf)                    date: 2015-04-17 15:04:20
(epstopdf)                    size: 523734 bytes
(epstopdf)             Output file: <./FnP/hybrid_section-eps-converted-to.pdf>

(epstopdf)                    date: 2015-04-17 15:04:20
(epstopdf)                    size: 8108 bytes
(epstopdf)             Command: <repstopdf --outfile=./FnP/hybrid_section-eps-c
onverted-to.pdf ./FnP/hybrid_section.eps>
(epstopdf)             \includegraphics on input line 6.
Package epstopdf Info: Output file is already uptodate.

<./FnP/hybrid_section-eps-converted-to.pdf, id=32, 145.54375pt x 198.7425pt>
File: ./FnP/hybrid_section-eps-converted-to.pdf Graphic file (type pdf)

<use ./FnP/hybrid_section-eps-converted-to.pdf>
Package pdftex.def Info: ./FnP/hybrid_section-eps-converted-to.pdf used on inpu
t line 6.
(pdftex.def)             Requested size: 128.0374pt x 174.85147pt.
) (./figures/lift_curves.tex
Package epstopdf Info: Source file: <./FnP/lift_curve_sq.eps>
(epstopdf)                    date: 2015-04-17 15:04:20
(epstopdf)                    size: 20833 bytes
(epstopdf)             Output file: <./FnP/lift_curve_sq-eps-converted-to.pdf>
(epstopdf)                    date: 2015-04-17 15:04:20
(epstopdf)                    size: 6101 bytes
(epstopdf)             Command: <repstopdf --outfile=./FnP/lift_curve_sq-eps-co
nverted-to.pdf ./FnP/lift_curve_sq.eps>
(epstopdf)             \includegraphics on input line 7.
Package epstopdf Info: Output file is already uptodate.

<./FnP/lift_curve_sq-eps-converted-to.pdf, id=33, 341.275pt x 170.6375pt>
File: ./FnP/lift_curve_sq-eps-converted-to.pdf Graphic file (type pdf)

<use ./FnP/lift_curve_sq-eps-converted-to.pdf>
Package pdftex.def Info: ./FnP/lift_curve_sq-eps-converted-to.pdf used on input
 line 7.
(pdftex.def)             Requested size: 256.0748pt x 128.04549pt.
Package epstopdf Info: Source file: <./FnP/lift_curve_075.eps>
(epstopdf)                    date: 2015-04-17 15:04:20
(epstopdf)                    size: 20654 bytes
(epstopdf)             Output file: <./FnP/lift_curve_075-eps-converted-to.pdf>

(epstopdf)                    date: 2015-04-17 15:04:20
(epstopdf)                    size: 6036 bytes
(epstopdf)             Command: <repstopdf --outfile=./FnP/lift_curve_075-eps-c
onverted-to.pdf ./FnP/lift_curve_075.eps>
(epstopdf)             \includegraphics on input line 8.
Package epstopdf Info: Output file is already uptodate.

<./FnP/lift_curve_075-eps-converted-to.pdf, id=34, 341.275pt x 170.6375pt>
File: ./FnP/lift_curve_075-eps-converted-to.pdf Graphic file (type pdf)

<use ./FnP/lift_curve_075-eps-converted-to.pdf>
Package pdftex.def Info: ./FnP/lift_curve_075-eps-converted-to.pdf used on inpu
t line 8.
(pdftex.def)             Requested size: 256.0748pt x 128.04549pt.
Package epstopdf Info: Source file: <./FnP/lift_curve_05.eps>
(epstopdf)                    date: 2015-04-17 15:04:20
(epstopdf)                    size: 21575 bytes
(epstopdf)             Output file: <./FnP/lift_curve_05-eps-converted-to.pdf>
(epstopdf)                    date: 2015-04-17 15:04:20
(epstopdf)                    size: 6950 bytes
(epstopdf)             Command: <repstopdf --outfile=./FnP/lift_curve_05-eps-co
nverted-to.pdf ./FnP/lift_curve_05.eps>
(epstopdf)             \includegraphics on input line 9.
Package epstopdf Info: Output file is already uptodate.

<./FnP/lift_curve_05-eps-converted-to.pdf, id=35, 341.275pt x 170.6375pt>
File: ./FnP/lift_curve_05-eps-converted-to.pdf Graphic file (type pdf)

<use ./FnP/lift_curve_05-eps-converted-to.pdf>
Package pdftex.def Info: ./FnP/lift_curve_05-eps-converted-to.pdf used on input
 line 9.
(pdftex.def)             Requested size: 256.0748pt x 128.04549pt.
Package epstopdf Info: Source file: <./FnP/lift_curve_025.eps>
(epstopdf)                    date: 2015-04-17 15:04:20
(epstopdf)                    size: 21927 bytes
(epstopdf)             Output file: <./FnP/lift_curve_025-eps-converted-to.pdf>

(epstopdf)                    date: 2015-04-17 15:04:20
(epstopdf)                    size: 7233 bytes
(epstopdf)             Command: <repstopdf --outfile=./FnP/lift_curve_025-eps-c
onverted-to.pdf ./FnP/lift_curve_025.eps>
(epstopdf)             \includegraphics on input line 10.
Package epstopdf Info: Output file is already uptodate.

<./FnP/lift_curve_025-eps-converted-to.pdf, id=36, 341.275pt x 170.6375pt>
File: ./FnP/lift_curve_025-eps-converted-to.pdf Graphic file (type pdf)

<use ./FnP/lift_curve_025-eps-converted-to.pdf>
Package pdftex.def Info: ./FnP/lift_curve_025-eps-converted-to.pdf used on inpu
t line 10.
(pdftex.def)             Requested size: 256.0748pt x 128.04549pt.
Package epstopdf Info: Source file: <./FnP/lift_curve_tri.eps>
(epstopdf)                    date: 2015-04-17 15:04:20
(epstopdf)                    size: 22142 bytes
(epstopdf)             Output file: <./FnP/lift_curve_tri-eps-converted-to.pdf>

(epstopdf)                    date: 2015-04-17 15:04:20
(epstopdf)                    size: 7747 bytes
(epstopdf)             Command: <repstopdf --outfile=./FnP/lift_curve_tri-eps-c
onverted-to.pdf ./FnP/lift_curve_tri.eps>
(epstopdf)             \includegraphics on input line 11.
Package epstopdf Info: Output file is already uptodate.

<./FnP/lift_curve_tri-eps-converted-to.pdf, id=37, 341.275pt x 170.6375pt>
File: ./FnP/lift_curve_tri-eps-converted-to.pdf Graphic file (type pdf)

<use ./FnP/lift_curve_tri-eps-converted-to.pdf>
Package pdftex.def Info: ./FnP/lift_curve_tri-eps-converted-to.pdf used on inpu
t line 11.
(pdftex.def)             Requested size: 256.0748pt x 128.04549pt.
) (./figures/power_curves.tex
Package epstopdf Info: Source file: <./FnP/mean_power_hyb.eps>
(epstopdf)                    date: 2015-04-17 15:04:20
(epstopdf)                    size: 21447 bytes
(epstopdf)             Output file: <./FnP/mean_power_hyb-eps-converted-to.pdf>

(epstopdf)                    date: 2015-04-17 15:04:20
(epstopdf)                    size: 8595 bytes
(epstopdf)             Command: <repstopdf --outfile=./FnP/mean_power_hyb-eps-c
onverted-to.pdf ./FnP/mean_power_hyb.eps>
(epstopdf)             \includegraphics on input line 9.
Package epstopdf Info: Output file is already uptodate.

<./FnP/mean_power_hyb-eps-converted-to.pdf, id=38, 341.275pt x 170.6375pt>
File: ./FnP/mean_power_hyb-eps-converted-to.pdf Graphic file (type pdf)

<use ./FnP/mean_power_hyb-eps-converted-to.pdf>
Package pdftex.def Info: ./FnP/mean_power_hyb-eps-converted-to.pdf used on inpu
t line 9.
(pdftex.def)             Requested size: 384.1122pt x 192.06824pt.
) (./figures/surf_pres_tri.tex
Package epstopdf Info: Source file: <./FnP/surf_pres_tri_10.eps>
(epstopdf)                    date: 2015-04-17 15:04:20
(epstopdf)                    size: 20389 bytes
(epstopdf)             Output file: <./FnP/surf_pres_tri_10-eps-converted-to.pd
f>
(epstopdf)                    date: 2015-04-17 15:04:20
(epstopdf)                    size: 6155 bytes
(epstopdf)             Command: <repstopdf --outfile=./FnP/surf_pres_tri_10-eps
-converted-to.pdf ./FnP/surf_pres_tri_10.eps>
(epstopdf)             \includegraphics on input line 9.
Package epstopdf Info: Output file is already uptodate.

<./FnP/surf_pres_tri_10-eps-converted-to.pdf, id=39, 341.275pt x 170.6375pt>
File: ./FnP/surf_pres_tri_10-eps-converted-to.pdf Graphic file (type pdf)

<use ./FnP/surf_pres_tri_10-eps-converted-to.pdf>
Package pdftex.def Info: ./FnP/surf_pres_tri_10-eps-converted-to.pdf used on in
put line 9.
(pdftex.def)             Requested size: 384.1122pt x 192.06824pt.
) [6

 <./FnP/hybrid_section-eps-converted-to.pdf>] [7 <./FnP/lift_curve_sq-eps-conve
rted-to.pdf> <./FnP/lift_curve_075-eps-converted-to.pdf> <./FnP/lift_curve_05-e
ps-converted-to.pdf> <./FnP/lift_curve_025-eps-converted-to.pdf> <./FnP/lift_cu
rve_tri-eps-converted-to.pdf>] [8 <./FnP/mean_power_hyb-eps-converted-to.pdf>] 
[9 <./FnP/surf_pres_tri_10-eps-converted-to.pdf>] [10

] [11

] [12] (./main.bbl) [13


]
<./elsarticle-template-harv.pdf, id=106, 597.23125pt x 845.1575pt>
File: ./elsarticle-template-harv.pdf Graphic file (type pdf)

<use ./elsarticle-template-harv.pdf>
Package pdftex.def Info: ./elsarticle-template-harv.pdf used on input line 251.

(pdftex.def)             Requested size: 597.22978pt x 845.15544pt.
File: ./elsarticle-template-harv.pdf Graphic file (type pdf)
 <use ./elsarticle-template-harv.pdf>
Package pdftex.def Info: ./elsarticle-template-harv.pdf used on input line 251.

(pdftex.def)             Requested size: 597.22978pt x 845.15544pt.

[14

]
<./elsarticle-template-harv.pdf, id=112, page=1, 597.23125pt x 845.1575pt>
File: ./elsarticle-template-harv.pdf Graphic file (type pdf)

<use ./elsarticle-template-harv.pdf, page 1>
Package pdftex.def Info: ./elsarticle-template-harv.pdf, page1 used on input li
ne 251.
(pdftex.def)             Requested size: 597.22978pt x 845.15544pt.
File: ./elsarticle-template-harv.pdf Graphic file (type pdf)

<use ./elsarticle-template-harv.pdf, page 1>
Package pdftex.def Info: ./elsarticle-template-harv.pdf, page1 used on input li
ne 251.
(pdftex.def)             Requested size: 561.86221pt x 795.10587pt.
File: ./elsarticle-template-harv.pdf Graphic file (type pdf)

<use ./elsarticle-template-harv.pdf, page 1>
Package pdftex.def Info: ./elsarticle-template-harv.pdf, page1 used on input li
ne 251.
(pdftex.def)             Requested size: 561.86221pt x 795.10587pt.
File: ./elsarticle-template-harv.pdf Graphic file (type pdf)

<use ./elsarticle-template-harv.pdf, page 1>
Package pdftex.def Info: ./elsarticle-template-harv.pdf, page1 used on input li
ne 251.
(pdftex.def)             Requested size: 561.86221pt x 795.10587pt.
File: ./elsarticle-template-harv.pdf Graphic file (type pdf)

<use ./elsarticle-template-harv.pdf, page 1>
Package pdftex.def Info: ./elsarticle-template-harv.pdf, page1 used on input li
ne 251.
(pdftex.def)             Requested size: 561.86221pt x 795.10587pt.
 [15 <./elsarticle-template-harv.pdf>] <./elsarticle-template-harv.pdf, id=151,
 page=2, 597.23125pt x 845.1575pt>
File: ./elsarticle-template-harv.pdf Graphic file (type pdf)

<use ./elsarticle-template-harv.pdf, page 2>
Package pdftex.def Info: ./elsarticle-template-harv.pdf, page2 used on input li
ne 251.
(pdftex.def)             Requested size: 561.86221pt x 795.10587pt.
File: ./elsarticle-template-harv.pdf Graphic file (type pdf)

<use ./elsarticle-template-harv.pdf, page 2>
Package pdftex.def Info: ./elsarticle-template-harv.pdf, page2 used on input li
ne 251.
(pdftex.def)             Requested size: 561.86221pt x 795.10587pt.
File: ./elsarticle-template-harv.pdf Graphic file (type pdf)

<use ./elsarticle-template-harv.pdf, page 2>
Package pdftex.def Info: ./elsarticle-template-harv.pdf, page2 used on input li
ne 251.
(pdftex.def)             Requested size: 561.86221pt x 795.10587pt.
 [16 <./elsarticle-template-harv.pdf>] <./elsarticle-template-harv.pdf, id=155,
 page=3, 597.23125pt x 845.1575pt>
File: ./elsarticle-template-harv.pdf Graphic file (type pdf)

<use ./elsarticle-template-harv.pdf, page 3>
Package pdftex.def Info: ./elsarticle-template-harv.pdf, page3 used on input li
ne 251.
(pdftex.def)             Requested size: 561.86221pt x 795.10587pt.
File: ./elsarticle-template-harv.pdf Graphic file (type pdf)

<use ./elsarticle-template-harv.pdf, page 3>
Package pdftex.def Info: ./elsarticle-template-harv.pdf, page3 used on input li
ne 251.
(pdftex.def)             Requested size: 561.86221pt x 795.10587pt.
File: ./elsarticle-template-harv.pdf Graphic file (type pdf)

<use ./elsarticle-template-harv.pdf, page 3>
Package pdftex.def Info: ./elsarticle-template-harv.pdf, page3 used on input li
ne 251.
(pdftex.def)             Requested size: 561.86221pt x 795.10587pt.
 [17 <./elsarticle-template-harv.pdf>] <./elsarticle-template-harv.pdf, id=163,
 page=4, 597.23125pt x 845.1575pt>
File: ./elsarticle-template-harv.pdf Graphic file (type pdf)

<use ./elsarticle-template-harv.pdf, page 4>
Package pdftex.def Info: ./elsarticle-template-harv.pdf, page4 used on input li
ne 251.
(pdftex.def)             Requested size: 561.86221pt x 795.10587pt.
File: ./elsarticle-template-harv.pdf Graphic file (type pdf)

<use ./elsarticle-template-harv.pdf, page 4>
Package pdftex.def Info: ./elsarticle-template-harv.pdf, page4 used on input li
ne 251.
(pdftex.def)             Requested size: 561.86221pt x 795.10587pt.
File: ./elsarticle-template-harv.pdf Graphic file (type pdf)

<use ./elsarticle-template-harv.pdf, page 4>
Package pdftex.def Info: ./elsarticle-template-harv.pdf, page4 used on input li
ne 251.
(pdftex.def)             Requested size: 561.86221pt x 795.10587pt.
 [18 <./elsarticle-template-harv.pdf>] <./elsarticle-template-harv.pdf, id=177,
 page=5, 597.23125pt x 845.1575pt>
File: ./elsarticle-template-harv.pdf Graphic file (type pdf)

<use ./elsarticle-template-harv.pdf, page 5>
Package pdftex.def Info: ./elsarticle-template-harv.pdf, page5 used on input li
ne 251.
(pdftex.def)             Requested size: 561.86221pt x 795.10587pt.
File: ./elsarticle-template-harv.pdf Graphic file (type pdf)

<use ./elsarticle-template-harv.pdf, page 5>
Package pdftex.def Info: ./elsarticle-template-harv.pdf, page5 used on input li
ne 251.
(pdftex.def)             Requested size: 561.86221pt x 795.10587pt.
File: ./elsarticle-template-harv.pdf Graphic file (type pdf)

<use ./elsarticle-template-harv.pdf, page 5>
Package pdftex.def Info: ./elsarticle-template-harv.pdf, page5 used on input li
ne 251.
(pdftex.def)             Requested size: 561.86221pt x 795.10587pt.
 [19 <./elsarticle-template-harv.pdf>] <./elsarticle-template-harv.pdf, id=181,
 page=6, 597.23125pt x 845.1575pt>
File: ./elsarticle-template-harv.pdf Graphic file (type pdf)

<use ./elsarticle-template-harv.pdf, page 6>
Package pdftex.def Info: ./elsarticle-template-harv.pdf, page6 used on input li
ne 251.
(pdftex.def)             Requested size: 561.86221pt x 795.10587pt.
File: ./elsarticle-template-harv.pdf Graphic file (type pdf)

<use ./elsarticle-template-harv.pdf, page 6>
Package pdftex.def Info: ./elsarticle-template-harv.pdf, page6 used on input li
ne 251.
(pdftex.def)             Requested size: 561.86221pt x 795.10587pt.
File: ./elsarticle-template-harv.pdf Graphic file (type pdf)

<use ./elsarticle-template-harv.pdf, page 6>
Package pdftex.def Info: ./elsarticle-template-harv.pdf, page6 used on input li
ne 251.
(pdftex.def)             Requested size: 561.86221pt x 795.10587pt.
 [20 <./elsarticle-template-harv.pdf>] <./elsarticle-template-harv.pdf, id=189,
 page=7, 597.23125pt x 845.1575pt>
File: ./elsarticle-template-harv.pdf Graphic file (type pdf)

<use ./elsarticle-template-harv.pdf, page 7>
Package pdftex.def Info: ./elsarticle-template-harv.pdf, page7 used on input li
ne 251.
(pdftex.def)             Requested size: 561.86221pt x 795.10587pt.
File: ./elsarticle-template-harv.pdf Graphic file (type pdf)

<use ./elsarticle-template-harv.pdf, page 7>
Package pdftex.def Info: ./elsarticle-template-harv.pdf, page7 used on input li
ne 251.
(pdftex.def)             Requested size: 561.86221pt x 795.10587pt.
File: ./elsarticle-template-harv.pdf Graphic file (type pdf)

<use ./elsarticle-template-harv.pdf, page 7>
Package pdftex.def Info: ./elsarticle-template-harv.pdf, page7 used on input li
ne 251.
(pdftex.def)             Requested size: 561.86221pt x 795.10587pt.
 [21 <./elsarticle-template-harv.pdf>] <./elsarticle-template-harv.pdf, id=193,
 page=8, 597.23125pt x 845.1575pt>
File: ./elsarticle-template-harv.pdf Graphic file (type pdf)

<use ./elsarticle-template-harv.pdf, page 8>
Package pdftex.def Info: ./elsarticle-template-harv.pdf, page8 used on input li
ne 251.
(pdftex.def)             Requested size: 561.86221pt x 795.10587pt.
File: ./elsarticle-template-harv.pdf Graphic file (type pdf)

<use ./elsarticle-template-harv.pdf, page 8>
Package pdftex.def Info: ./elsarticle-template-harv.pdf, page8 used on input li
ne 251.
(pdftex.def)             Requested size: 561.86221pt x 795.10587pt.
File: ./elsarticle-template-harv.pdf Graphic file (type pdf)

<use ./elsarticle-template-harv.pdf, page 8>
Package pdftex.def Info: ./elsarticle-template-harv.pdf, page8 used on input li
ne 251.
(pdftex.def)             Requested size: 561.86221pt x 795.10587pt.
 [22 <./elsarticle-template-harv.pdf>] <./elsarticle-template-harv.pdf, id=198,
 page=9, 597.23125pt x 845.1575pt>
File: ./elsarticle-template-harv.pdf Graphic file (type pdf)

<use ./elsarticle-template-harv.pdf, page 9>
Package pdftex.def Info: ./elsarticle-template-harv.pdf, page9 used on input li
ne 251.
(pdftex.def)             Requested size: 561.86221pt x 795.10587pt.
File: ./elsarticle-template-harv.pdf Graphic file (type pdf)

<use ./elsarticle-template-harv.pdf, page 9>
Package pdftex.def Info: ./elsarticle-template-harv.pdf, page9 used on input li
ne 251.
(pdftex.def)             Requested size: 561.86221pt x 795.10587pt.
File: ./elsarticle-template-harv.pdf Graphic file (type pdf)

<use ./elsarticle-template-harv.pdf, page 9>
Package pdftex.def Info: ./elsarticle-template-harv.pdf, page9 used on input li
ne 251.
(pdftex.def)             Requested size: 561.86221pt x 795.10587pt.
 [23 <./elsarticle-template-harv.pdf>]
<./elsarticle-template-harv.pdf, id=214, page=10, 597.23125pt x 845.1575pt>
File: ./elsarticle-template-harv.pdf Graphic file (type pdf)

<use ./elsarticle-template-harv.pdf, page 10>
Package pdftex.def Info: ./elsarticle-template-harv.pdf, page10 used on input l
ine 251.
(pdftex.def)             Requested size: 561.86221pt x 795.10587pt.
File: ./elsarticle-template-harv.pdf Graphic file (type pdf)

<use ./elsarticle-template-harv.pdf, page 10>
Package pdftex.def Info: ./elsarticle-template-harv.pdf, page10 used on input l
ine 251.
(pdftex.def)             Requested size: 561.86221pt x 795.10587pt.
File: ./elsarticle-template-harv.pdf Graphic file (type pdf)

<use ./elsarticle-template-harv.pdf, page 10>
Package pdftex.def Info: ./elsarticle-template-harv.pdf, page10 used on input l
ine 251.
(pdftex.def)             Requested size: 561.86221pt x 795.10587pt.
 [24 <./elsarticle-template-harv.pdf>]
<./elsarticle-template-harv.pdf, id=219, page=11, 597.23125pt x 845.1575pt>
File: ./elsarticle-template-harv.pdf Graphic file (type pdf)

<use ./elsarticle-template-harv.pdf, page 11>
Package pdftex.def Info: ./elsarticle-template-harv.pdf, page11 used on input l
ine 251.
(pdftex.def)             Requested size: 561.86221pt x 795.10587pt.
File: ./elsarticle-template-harv.pdf Graphic file (type pdf)

<use ./elsarticle-template-harv.pdf, page 11>
Package pdftex.def Info: ./elsarticle-template-harv.pdf, page11 used on input l
ine 251.
(pdftex.def)             Requested size: 561.86221pt x 795.10587pt.
File: ./elsarticle-template-harv.pdf Graphic file (type pdf)

<use ./elsarticle-template-harv.pdf, page 11>
Package pdftex.def Info: ./elsarticle-template-harv.pdf, page11 used on input l
ine 251.
(pdftex.def)             Requested size: 561.86221pt x 795.10587pt.
 [25 <./elsarticle-template-harv.pdf>]
<./elsarticle-template-harv.pdf, id=223, page=12, 597.23125pt x 845.1575pt>
File: ./elsarticle-template-harv.pdf Graphic file (type pdf)

<use ./elsarticle-template-harv.pdf, page 12>
Package pdftex.def Info: ./elsarticle-template-harv.pdf, page12 used on input l
ine 251.
(pdftex.def)             Requested size: 561.86221pt x 795.10587pt.
File: ./elsarticle-template-harv.pdf Graphic file (type pdf)

<use ./elsarticle-template-harv.pdf, page 12>
Package pdftex.def Info: ./elsarticle-template-harv.pdf, page12 used on input l
ine 251.
(pdftex.def)             Requested size: 561.86221pt x 795.10587pt.
File: ./elsarticle-template-harv.pdf Graphic file (type pdf)

<use ./elsarticle-template-harv.pdf, page 12>
Package pdftex.def Info: ./elsarticle-template-harv.pdf, page12 used on input l
ine 251.
(pdftex.def)             Requested size: 561.86221pt x 795.10587pt.
 [26 <./elsarticle-template-harv.pdf>]
<./elsarticle-template-harv.pdf, id=227, page=13, 597.23125pt x 845.1575pt>
File: ./elsarticle-template-harv.pdf Graphic file (type pdf)

<use ./elsarticle-template-harv.pdf, page 13>
Package pdftex.def Info: ./elsarticle-template-harv.pdf, page13 used on input l
ine 251.
(pdftex.def)             Requested size: 561.86221pt x 795.10587pt.
File: ./elsarticle-template-harv.pdf Graphic file (type pdf)

<use ./elsarticle-template-harv.pdf, page 13>
Package pdftex.def Info: ./elsarticle-template-harv.pdf, page13 used on input l
ine 251.
(pdftex.def)             Requested size: 561.86221pt x 795.10587pt.
File: ./elsarticle-template-harv.pdf Graphic file (type pdf)

<use ./elsarticle-template-harv.pdf, page 13>
Package pdftex.def Info: ./elsarticle-template-harv.pdf, page13 used on input l
ine 251.
(pdftex.def)             Requested size: 561.86221pt x 795.10587pt.
 [27 <./elsarticle-template-harv.pdf>]
<./elsarticle-template-harv.pdf, id=231, page=14, 597.23125pt x 845.1575pt>
File: ./elsarticle-template-harv.pdf Graphic file (type pdf)

<use ./elsarticle-template-harv.pdf, page 14>
Package pdftex.def Info: ./elsarticle-template-harv.pdf, page14 used on input l
ine 251.
(pdftex.def)             Requested size: 561.86221pt x 795.10587pt.
File: ./elsarticle-template-harv.pdf Graphic file (type pdf)

<use ./elsarticle-template-harv.pdf, page 14>
Package pdftex.def Info: ./elsarticle-template-harv.pdf, page14 used on input l
ine 251.
(pdftex.def)             Requested size: 561.86221pt x 795.10587pt.
File: ./elsarticle-template-harv.pdf Graphic file (type pdf)

<use ./elsarticle-template-harv.pdf, page 14>
Package pdftex.def Info: ./elsarticle-template-harv.pdf, page14 used on input l
ine 251.
(pdftex.def)             Requested size: 561.86221pt x 795.10587pt.
 [28 <./elsarticle-template-harv.pdf>]
<./elsarticle-template-harv.pdf, id=250, page=15, 597.23125pt x 845.1575pt>
File: ./elsarticle-template-harv.pdf Graphic file (type pdf)

<use ./elsarticle-template-harv.pdf, page 15>
Package pdftex.def Info: ./elsarticle-template-harv.pdf, page15 used on input l
ine 251.
(pdftex.def)             Requested size: 561.86221pt x 795.10587pt.
File: ./elsarticle-template-harv.pdf Graphic file (type pdf)

<use ./elsarticle-template-harv.pdf, page 15>
Package pdftex.def Info: ./elsarticle-template-harv.pdf, page15 used on input l
ine 251.
(pdftex.def)             Requested size: 561.86221pt x 795.10587pt.
File: ./elsarticle-template-harv.pdf Graphic file (type pdf)

<use ./elsarticle-template-harv.pdf, page 15>
Package pdftex.def Info: ./elsarticle-template-harv.pdf, page15 used on input l
ine 251.
(pdftex.def)             Requested size: 561.86221pt x 795.10587pt.
 [29 <./elsarticle-template-harv.pdf>]
<./elsarticle-template-harv.pdf, id=254, page=16, 597.23125pt x 845.1575pt>
File: ./elsarticle-template-harv.pdf Graphic file (type pdf)

<use ./elsarticle-template-harv.pdf, page 16>
Package pdftex.def Info: ./elsarticle-template-harv.pdf, page16 used on input l
ine 251.
(pdftex.def)             Requested size: 561.86221pt x 795.10587pt.
File: ./elsarticle-template-harv.pdf Graphic file (type pdf)

<use ./elsarticle-template-harv.pdf, page 16>
Package pdftex.def Info: ./elsarticle-template-harv.pdf, page16 used on input l
ine 251.
(pdftex.def)             Requested size: 561.86221pt x 795.10587pt.
File: ./elsarticle-template-harv.pdf Graphic file (type pdf)

<use ./elsarticle-template-harv.pdf, page 16>
Package pdftex.def Info: ./elsarticle-template-harv.pdf, page16 used on input l
ine 251.
(pdftex.def)             Requested size: 561.86221pt x 795.10587pt.
 [30 <./elsarticle-template-harv.pdf>]
<./elsarticle-template-harv.pdf, id=259, page=17, 597.23125pt x 845.1575pt>
File: ./elsarticle-template-harv.pdf Graphic file (type pdf)

<use ./elsarticle-template-harv.pdf, page 17>
Package pdftex.def Info: ./elsarticle-template-harv.pdf, page17 used on input l
ine 251.
(pdftex.def)             Requested size: 561.86221pt x 795.10587pt.
File: ./elsarticle-template-harv.pdf Graphic file (type pdf)

<use ./elsarticle-template-harv.pdf, page 17>
Package pdftex.def Info: ./elsarticle-template-harv.pdf, page17 used on input l
ine 251.
(pdftex.def)             Requested size: 561.86221pt x 795.10587pt.
File: ./elsarticle-template-harv.pdf Graphic file (type pdf)

<use ./elsarticle-template-harv.pdf, page 17>
Package pdftex.def Info: ./elsarticle-template-harv.pdf, page17 used on input l
ine 251.
(pdftex.def)             Requested size: 561.86221pt x 795.10587pt.
 [31 <./elsarticle-template-harv.pdf>]
<./elsarticle-template-harv.pdf, id=267, page=18, 597.23125pt x 845.1575pt>
File: ./elsarticle-template-harv.pdf Graphic file (type pdf)

<use ./elsarticle-template-harv.pdf, page 18>
Package pdftex.def Info: ./elsarticle-template-harv.pdf, page18 used on input l
ine 251.
(pdftex.def)             Requested size: 561.86221pt x 795.10587pt.
File: ./elsarticle-template-harv.pdf Graphic file (type pdf)

<use ./elsarticle-template-harv.pdf, page 18>
Package pdftex.def Info: ./elsarticle-template-harv.pdf, page18 used on input l
ine 251.
(pdftex.def)             Requested size: 561.86221pt x 795.10587pt.
File: ./elsarticle-template-harv.pdf Graphic file (type pdf)

<use ./elsarticle-template-harv.pdf, page 18>
Package pdftex.def Info: ./elsarticle-template-harv.pdf, page18 used on input l
ine 251.
(pdftex.def)             Requested size: 561.86221pt x 795.10587pt.
 [32 <./elsarticle-template-harv.pdf>]
<./elsarticle-template-harv.pdf, id=271, page=19, 597.23125pt x 845.1575pt>
File: ./elsarticle-template-harv.pdf Graphic file (type pdf)

<use ./elsarticle-template-harv.pdf, page 19>
Package pdftex.def Info: ./elsarticle-template-harv.pdf, page19 used on input l
ine 251.
(pdftex.def)             Requested size: 561.86221pt x 795.10587pt.
File: ./elsarticle-template-harv.pdf Graphic file (type pdf)

<use ./elsarticle-template-harv.pdf, page 19>
Package pdftex.def Info: ./elsarticle-template-harv.pdf, page19 used on input l
ine 251.
(pdftex.def)             Requested size: 561.86221pt x 795.10587pt.
File: ./elsarticle-template-harv.pdf Graphic file (type pdf)

<use ./elsarticle-template-harv.pdf, page 19>
Package pdftex.def Info: ./elsarticle-template-harv.pdf, page19 used on input l
ine 251.
(pdftex.def)             Requested size: 561.86221pt x 795.10587pt.
 [33 <./elsarticle-template-harv.pdf>]
<./elsarticle-template-harv.pdf, id=275, page=20, 597.23125pt x 845.1575pt>
File: ./elsarticle-template-harv.pdf Graphic file (type pdf)

<use ./elsarticle-template-harv.pdf, page 20>
Package pdftex.def Info: ./elsarticle-template-harv.pdf, page20 used on input l
ine 251.
(pdftex.def)             Requested size: 561.86221pt x 795.10587pt.
File: ./elsarticle-template-harv.pdf Graphic file (type pdf)

<use ./elsarticle-template-harv.pdf, page 20>
Package pdftex.def Info: ./elsarticle-template-harv.pdf, page20 used on input l
ine 251.
(pdftex.def)             Requested size: 561.86221pt x 795.10587pt.
File: ./elsarticle-template-harv.pdf Graphic file (type pdf)

<use ./elsarticle-template-harv.pdf, page 20>
Package pdftex.def Info: ./elsarticle-template-harv.pdf, page20 used on input l
ine 251.
(pdftex.def)             Requested size: 561.86221pt x 795.10587pt.
 [34 <./elsarticle-template-harv.pdf>]
<./elsarticle-template-harv.pdf, id=279, page=21, 597.23125pt x 845.1575pt>
File: ./elsarticle-template-harv.pdf Graphic file (type pdf)

<use ./elsarticle-template-harv.pdf, page 21>
Package pdftex.def Info: ./elsarticle-template-harv.pdf, page21 used on input l
ine 251.
(pdftex.def)             Requested size: 561.86221pt x 795.10587pt.
File: ./elsarticle-template-harv.pdf Graphic file (type pdf)

<use ./elsarticle-template-harv.pdf, page 21>
Package pdftex.def Info: ./elsarticle-template-harv.pdf, page21 used on input l
ine 251.
(pdftex.def)             Requested size: 561.86221pt x 795.10587pt.
File: ./elsarticle-template-harv.pdf Graphic file (type pdf)

<use ./elsarticle-template-harv.pdf, page 21>
Package pdftex.def Info: ./elsarticle-template-harv.pdf, page21 used on input l
ine 251.
(pdftex.def)             Requested size: 561.86221pt x 795.10587pt.
 [35 <./elsarticle-template-harv.pdf>]
<./elsarticle-template-harv.pdf, id=283, page=22, 597.23125pt x 845.1575pt>
File: ./elsarticle-template-harv.pdf Graphic file (type pdf)

<use ./elsarticle-template-harv.pdf, page 22>
Package pdftex.def Info: ./elsarticle-template-harv.pdf, page22 used on input l
ine 251.
(pdftex.def)             Requested size: 561.86221pt x 795.10587pt.
File: ./elsarticle-template-harv.pdf Graphic file (type pdf)

<use ./elsarticle-template-harv.pdf, page 22>
Package pdftex.def Info: ./elsarticle-template-harv.pdf, page22 used on input l
ine 251.
(pdftex.def)             Requested size: 561.86221pt x 795.10587pt.
File: ./elsarticle-template-harv.pdf Graphic file (type pdf)

<use ./elsarticle-template-harv.pdf, page 22>
Package pdftex.def Info: ./elsarticle-template-harv.pdf, page22 used on input l
ine 251.
(pdftex.def)             Requested size: 561.86221pt x 795.10587pt.
 [36 <./elsarticle-template-harv.pdf>]
<./elsarticle-template-harv.pdf, id=292, page=23, 597.23125pt x 845.1575pt>
File: ./elsarticle-template-harv.pdf Graphic file (type pdf)

<use ./elsarticle-template-harv.pdf, page 23>
Package pdftex.def Info: ./elsarticle-template-harv.pdf, page23 used on input l
ine 251.
(pdftex.def)             Requested size: 561.86221pt x 795.10587pt.
File: ./elsarticle-template-harv.pdf Graphic file (type pdf)

<use ./elsarticle-template-harv.pdf, page 23>
Package pdftex.def Info: ./elsarticle-template-harv.pdf, page23 used on input l
ine 251.
(pdftex.def)             Requested size: 561.86221pt x 795.10587pt.
File: ./elsarticle-template-harv.pdf Graphic file (type pdf)

<use ./elsarticle-template-harv.pdf, page 23>
Package pdftex.def Info: ./elsarticle-template-harv.pdf, page23 used on input l
ine 251.
(pdftex.def)             Requested size: 561.86221pt x 795.10587pt.
 [37 <./elsarticle-template-harv.pdf>]
<./elsarticle-template-harv.pdf, id=296, page=24, 597.23125pt x 845.1575pt>
File: ./elsarticle-template-harv.pdf Graphic file (type pdf)

<use ./elsarticle-template-harv.pdf, page 24>
Package pdftex.def Info: ./elsarticle-template-harv.pdf, page24 used on input l
ine 251.
(pdftex.def)             Requested size: 561.86221pt x 795.10587pt.
File: ./elsarticle-template-harv.pdf Graphic file (type pdf)

<use ./elsarticle-template-harv.pdf, page 24>
Package pdftex.def Info: ./elsarticle-template-harv.pdf, page24 used on input l
ine 251.
(pdftex.def)             Requested size: 561.86221pt x 795.10587pt.
File: ./elsarticle-template-harv.pdf Graphic file (type pdf)

<use ./elsarticle-template-harv.pdf, page 24>
Package pdftex.def Info: ./elsarticle-template-harv.pdf, page24 used on input l
ine 251.
(pdftex.def)             Requested size: 561.86221pt x 795.10587pt.
 [38 <./elsarticle-template-harv.pdf>]
<./elsarticle-template-harv.pdf, id=300, page=25, 597.23125pt x 845.1575pt>
File: ./elsarticle-template-harv.pdf Graphic file (type pdf)

<use ./elsarticle-template-harv.pdf, page 25>
Package pdftex.def Info: ./elsarticle-template-harv.pdf, page25 used on input l
ine 251.
(pdftex.def)             Requested size: 561.86221pt x 795.10587pt.
File: ./elsarticle-template-harv.pdf Graphic file (type pdf)

<use ./elsarticle-template-harv.pdf, page 25>
Package pdftex.def Info: ./elsarticle-template-harv.pdf, page25 used on input l
ine 251.
(pdftex.def)             Requested size: 561.86221pt x 795.10587pt.
File: ./elsarticle-template-harv.pdf Graphic file (type pdf)

<use ./elsarticle-template-harv.pdf, page 25>
Package pdftex.def Info: ./elsarticle-template-harv.pdf, page25 used on input l
ine 251.
(pdftex.def)             Requested size: 561.86221pt x 795.10587pt.
 [39 <./elsarticle-template-harv.pdf>]
<./elsarticle-template-harv.pdf, id=304, page=26, 597.23125pt x 845.1575pt>
File: ./elsarticle-template-harv.pdf Graphic file (type pdf)

<use ./elsarticle-template-harv.pdf, page 26>
Package pdftex.def Info: ./elsarticle-template-harv.pdf, page26 used on input l
ine 251.
(pdftex.def)             Requested size: 561.86221pt x 795.10587pt.
File: ./elsarticle-template-harv.pdf Graphic file (type pdf)

<use ./elsarticle-template-harv.pdf, page 26>
Package pdftex.def Info: ./elsarticle-template-harv.pdf, page26 used on input l
ine 251.
(pdftex.def)             Requested size: 561.86221pt x 795.10587pt.
File: ./elsarticle-template-harv.pdf Graphic file (type pdf)

<use ./elsarticle-template-harv.pdf, page 26>
Package pdftex.def Info: ./elsarticle-template-harv.pdf, page26 used on input l
ine 251.
(pdftex.def)             Requested size: 561.86221pt x 795.10587pt.
 [40 <./elsarticle-template-harv.pdf>]
<./elsarticle-template-harv.pdf, id=312, page=27, 597.23125pt x 845.1575pt>
File: ./elsarticle-template-harv.pdf Graphic file (type pdf)

<use ./elsarticle-template-harv.pdf, page 27>
Package pdftex.def Info: ./elsarticle-template-harv.pdf, page27 used on input l
ine 251.
(pdftex.def)             Requested size: 561.86221pt x 795.10587pt.
File: ./elsarticle-template-harv.pdf Graphic file (type pdf)

<use ./elsarticle-template-harv.pdf, page 27>
Package pdftex.def Info: ./elsarticle-template-harv.pdf, page27 used on input l
ine 251.
(pdftex.def)             Requested size: 561.86221pt x 795.10587pt.
File: ./elsarticle-template-harv.pdf Graphic file (type pdf)

<use ./elsarticle-template-harv.pdf, page 27>
Package pdftex.def Info: ./elsarticle-template-harv.pdf, page27 used on input l
ine 251.
(pdftex.def)             Requested size: 561.86221pt x 795.10587pt.
 [41 <./elsarticle-template-harv.pdf>]
<./elsarticle-template-harv.pdf, id=316, page=28, 597.23125pt x 845.1575pt>
File: ./elsarticle-template-harv.pdf Graphic file (type pdf)

<use ./elsarticle-template-harv.pdf, page 28>
Package pdftex.def Info: ./elsarticle-template-harv.pdf, page28 used on input l
ine 251.
(pdftex.def)             Requested size: 561.86221pt x 795.10587pt.
File: ./elsarticle-template-harv.pdf Graphic file (type pdf)

<use ./elsarticle-template-harv.pdf, page 28>
Package pdftex.def Info: ./elsarticle-template-harv.pdf, page28 used on input l
ine 251.
(pdftex.def)             Requested size: 561.86221pt x 795.10587pt.
File: ./elsarticle-template-harv.pdf Graphic file (type pdf)

<use ./elsarticle-template-harv.pdf, page 28>
Package pdftex.def Info: ./elsarticle-template-harv.pdf, page28 used on input l
ine 251.
(pdftex.def)             Requested size: 561.86221pt x 795.10587pt.
 [42 <./elsarticle-template-harv.pdf>]
<./elsarticle-template-harv.pdf, id=321, page=29, 597.23125pt x 845.1575pt>
File: ./elsarticle-template-harv.pdf Graphic file (type pdf)

<use ./elsarticle-template-harv.pdf, page 29>
Package pdftex.def Info: ./elsarticle-template-harv.pdf, page29 used on input l
ine 251.
(pdftex.def)             Requested size: 561.86221pt x 795.10587pt.
File: ./elsarticle-template-harv.pdf Graphic file (type pdf)

<use ./elsarticle-template-harv.pdf, page 29>
Package pdftex.def Info: ./elsarticle-template-harv.pdf, page29 used on input l
ine 251.
(pdftex.def)             Requested size: 561.86221pt x 795.10587pt.
File: ./elsarticle-template-harv.pdf Graphic file (type pdf)

<use ./elsarticle-template-harv.pdf, page 29>
Package pdftex.def Info: ./elsarticle-template-harv.pdf, page29 used on input l
ine 251.
(pdftex.def)             Requested size: 561.86221pt x 795.10587pt.
 [43 <./elsarticle-template-harv.pdf>]
<./elsarticle-template-harv.pdf, id=325, page=30, 597.23125pt x 845.1575pt>
File: ./elsarticle-template-harv.pdf Graphic file (type pdf)

<use ./elsarticle-template-harv.pdf, page 30>
Package pdftex.def Info: ./elsarticle-template-harv.pdf, page30 used on input l
ine 251.
(pdftex.def)             Requested size: 561.86221pt x 795.10587pt.
File: ./elsarticle-template-harv.pdf Graphic file (type pdf)

<use ./elsarticle-template-harv.pdf, page 30>
Package pdftex.def Info: ./elsarticle-template-harv.pdf, page30 used on input l
ine 251.
(pdftex.def)             Requested size: 561.86221pt x 795.10587pt.
File: ./elsarticle-template-harv.pdf Graphic file (type pdf)

<use ./elsarticle-template-harv.pdf, page 30>
Package pdftex.def Info: ./elsarticle-template-harv.pdf, page30 used on input l
ine 251.
(pdftex.def)             Requested size: 561.86221pt x 795.10587pt.
 [44 <./elsarticle-template-harv.pdf>] <galloping_paper.pdf, id=329, 597.50829p
t x 845.0471pt>
File: galloping_paper.pdf Graphic file (type pdf)

<use galloping_paper.pdf>
Package pdftex.def Info: galloping_paper.pdf used on input line 256.
(pdftex.def)             Requested size: 597.50682pt x 845.04504pt.
File: galloping_paper.pdf Graphic file (type pdf)
 <use galloping_paper.pdf>
Package pdftex.def Info: galloping_paper.pdf used on input line 256.
(pdftex.def)             Requested size: 597.50682pt x 845.04504pt.
 [45

]
<galloping_paper.pdf, id=335, page=1, 597.50829pt x 845.0471pt>
File: galloping_paper.pdf Graphic file (type pdf)

<use galloping_paper.pdf, page 1>
Package pdftex.def Info: galloping_paper.pdf, page1 used on input line 256.
(pdftex.def)             Requested size: 597.50682pt x 845.04504pt.
File: galloping_paper.pdf Graphic file (type pdf)
 <use galloping_paper.pdf, page 1>
Package pdftex.def Info: galloping_paper.pdf, page1 used on input line 256.
(pdftex.def)             Requested size: 562.12285pt x 795.00201pt.
File: galloping_paper.pdf Graphic file (type pdf)

<use galloping_paper.pdf, page 1>
Package pdftex.def Info: galloping_paper.pdf, page1 used on input line 256.
(pdftex.def)             Requested size: 562.12285pt x 795.00201pt.
File: galloping_paper.pdf Graphic file (type pdf)
 <use galloping_paper.pdf, page 1>
Package pdftex.def Info: galloping_paper.pdf, page1 used on input line 256.
(pdftex.def)             Requested size: 562.12285pt x 795.00201pt.
File: galloping_paper.pdf Graphic file (type pdf)

<use galloping_paper.pdf, page 1>
Package pdftex.def Info: galloping_paper.pdf, page1 used on input line 256.
(pdftex.def)             Requested size: 562.12285pt x 795.00201pt.
 [46 <./galloping_paper.pdf>]
<galloping_paper.pdf, id=374, page=2, 597.50829pt x 845.0471pt>
File: galloping_paper.pdf Graphic file (type pdf)

<use galloping_paper.pdf, page 2>
Package pdftex.def Info: galloping_paper.pdf, page2 used on input line 256.
(pdftex.def)             Requested size: 562.12285pt x 795.00201pt.
File: galloping_paper.pdf Graphic file (type pdf)
 <use galloping_paper.pdf, page 2>
Package pdftex.def Info: galloping_paper.pdf, page2 used on input line 256.
(pdftex.def)             Requested size: 562.12285pt x 795.00201pt.
File: galloping_paper.pdf Graphic file (type pdf)

<use galloping_paper.pdf, page 2>
Package pdftex.def Info: galloping_paper.pdf, page2 used on input line 256.
(pdftex.def)             Requested size: 562.12285pt x 795.00201pt.
 [47 <./galloping_paper.pdf>]
<galloping_paper.pdf, id=385, page=3, 597.50829pt x 845.0471pt>
File: galloping_paper.pdf Graphic file (type pdf)

<use galloping_paper.pdf, page 3>
Package pdftex.def Info: galloping_paper.pdf, page3 used on input line 256.
(pdftex.def)             Requested size: 562.12285pt x 795.00201pt.
File: galloping_paper.pdf Graphic file (type pdf)
 <use galloping_paper.pdf, page 3>
Package pdftex.def Info: galloping_paper.pdf, page3 used on input line 256.
(pdftex.def)             Requested size: 562.12285pt x 795.00201pt.
File: galloping_paper.pdf Graphic file (type pdf)

<use galloping_paper.pdf, page 3>
Package pdftex.def Info: galloping_paper.pdf, page3 used on input line 256.
(pdftex.def)             Requested size: 562.12285pt x 795.00201pt.
 [48 <./galloping_paper.pdf>]
<galloping_paper.pdf, id=405, page=4, 597.50829pt x 845.0471pt>
File: galloping_paper.pdf Graphic file (type pdf)

<use galloping_paper.pdf, page 4>
Package pdftex.def Info: galloping_paper.pdf, page4 used on input line 256.
(pdftex.def)             Requested size: 562.12285pt x 795.00201pt.
File: galloping_paper.pdf Graphic file (type pdf)
 <use galloping_paper.pdf, page 4>
Package pdftex.def Info: galloping_paper.pdf, page4 used on input line 256.
(pdftex.def)             Requested size: 562.12285pt x 795.00201pt.
File: galloping_paper.pdf Graphic file (type pdf)

<use galloping_paper.pdf, page 4>
Package pdftex.def Info: galloping_paper.pdf, page4 used on input line 256.
(pdftex.def)             Requested size: 562.12285pt x 795.00201pt.
 [49 <./galloping_paper.pdf>] (./main.aux) ) 
Here is how much of TeX's memory you used:
 13768 strings out of 493117
 267702 string characters out of 6135432
 305479 words of memory out of 5000000
 16909 multiletter control sequences out of 15000+600000
 13961 words of font info for 52 fonts, out of 8000000 for 9000
 1141 hyphenation exceptions out of 8191
 55i,18n,54p,911b,422s stack positions out of 5000i,500n,10000p,200000b,80000s
</usr/local/texlive/2014/texmf-dist
/fonts/type1/public/amsfonts/cm/cmbx12.pfb></usr/local/texlive/2014/texmf-dist/
fonts/type1/public/amsfonts/cm/cmcsc10.pfb></usr/local/texlive/2014/texmf-dist/
fonts/type1/public/amsfonts/cm/cmex10.pfb></usr/local/texlive/2014/texmf-dist/f
onts/type1/public/amsfonts/cm/cmmi10.pfb></usr/local/texlive/2014/texmf-dist/fo
nts/type1/public/amsfonts/cm/cmmi12.pfb></usr/local/texlive/2014/texmf-dist/fon
ts/type1/public/amsfonts/cm/cmmi6.pfb></usr/local/texlive/2014/texmf-dist/fonts
/type1/public/amsfonts/cm/cmmi7.pfb></usr/local/texlive/2014/texmf-dist/fonts/t
ype1/public/amsfonts/cm/cmmi8.pfb></usr/local/texlive/2014/texmf-dist/fonts/typ
e1/public/amsfonts/cm/cmr10.pfb></usr/local/texlive/2014/texmf-dist/fonts/type1
/public/amsfonts/cm/cmr12.pfb></usr/local/texlive/2014/texmf-dist/fonts/type1/p
ublic/amsfonts/cm/cmr17.pfb></usr/local/texlive/2014/texmf-dist/fonts/type1/pub
lic/amsfonts/cm/cmr6.pfb></usr/local/texlive/2014/texmf-dist/fonts/type1/public
/amsfonts/cm/cmr7.pfb></usr/local/texlive/2014/texmf-dist/fonts/type1/public/am
sfonts/cm/cmr8.pfb></usr/local/texlive/2014/texmf-dist/fonts/type1/public/amsfo
nts/cm/cmsy10.pfb></usr/local/texlive/2014/texmf-dist/fonts/type1/public/amsfon
ts/cm/cmsy7.pfb></usr/local/texlive/2014/texmf-dist/fonts/type1/public/amsfonts
/cm/cmsy8.pfb></usr/local/texlive/2014/texmf-dist/fonts/type1/public/amsfonts/c
m/cmti10.pfb></usr/local/texlive/2014/texmf-dist/fonts/type1/public/amsfonts/cm
/cmti12.pfb></usr/local/texlive/2014/texmf-dist/fonts/type1/urw/helvetic/uhvb8a
.pfb></usr/local/texlive/2014/texmf-dist/fonts/type1/urw/helvetic/uhvr8a.pfb></
usr/local/texlive/2014/texmf-dist/fonts/type1/urw/symbol/usyr.pfb></usr/local/t
exlive/2014/texmf-dist/fonts/type1/urw/times/utmb8a.pfb></usr/local/texlive/201
4/texmf-dist/fonts/type1/urw/times/utmr8a.pfb></usr/local/texlive/2014/texmf-di
st/fonts/type1/urw/times/utmri8a.pfb></usr/local/texlive/2014/texmf-dist/fonts/
type1/urw/zapfding/uzdr.pfb>
Output written on main.pdf (50 pages, 771524 bytes).
PDF statistics:
 458 PDF objects out of 1000 (max. 8388607)
 308 compressed objects within 4 object streams
 0 named destinations out of 1000 (max. 500000)
 253 words of extra memory for PDF output out of 10000 (max. 10000000)

